<?xml version="1.0" encoding="utf-8"?><testsuites name="pytest tests"><testsuite name="pytest" errors="0" failures="0" skipped="0" tests="14" time="1.046" timestamp="2026-02-11T13:19:04.019122+00:00" hostname="agent-env-f421539d-b551-46b1-bedd-e85c9694e32d"><testcase classname="tests.test_claim_eligibility.TestClaimEligibilityEndpoint" name="test_claim_eligibility_returns_200" time="0.083" /><testcase classname="tests.test_claim_eligibility.TestClaimEligibilityEndpoint" name="test_claim_eligibility_returns_dict" time="0.052" /><testcase classname="tests.test_claim_eligibility.TestPrimaryLockedEvent" name="test_create_event_at_venue_with_primary_returns_primary_only" time="0.034" /><testcase classname="tests.test_claim_eligibility.TestPrimaryLockedEvent" name="test_music_bingo_locked_for_chase" time="0.032" /><testcase classname="tests.test_claim_eligibility.TestNonPrimaryCannotClaim" name="test_non_primary_cannot_claim_locked_event" time="0.065" /><testcase classname="tests.test_claim_eligibility.TestPrimaryCanClaim" name="test_primary_can_claim_locked_event" time="0.092" /><testcase classname="tests.test_claim_eligibility.TestBlackoutDateOpensEvent" name="test_event_opens_when_primary_has_blackout" time="0.046" /><testcase classname="tests.test_claim_eligibility.TestBlackoutDateOpensEvent" name="test_anyone_can_claim_event_with_primary_blackout" time="0.030" /><testcase classname="tests.test_claim_eligibility.TestSundayDeadlineOpensEvent" name="test_event_opens_after_sunday_deadline" time="0.060" /><testcase classname="tests.test_claim_eligibility.TestNoPrimaryAssignedOpens" name="test_event_at_venue_without_primary_is_open" time="0.020" /><testcase classname="tests.test_claim_eligibility.TestNoPrimaryAssignedOpens" name="test_special_event_type_is_open" time="0.020" /><testcase classname="tests.test_claim_eligibility.TestClaimEndpointValidation" name="test_claim_nonexistent_event" time="0.051" /><testcase classname="tests.test_claim_eligibility.TestClaimEndpointValidation" name="test_claim_with_nonexistent_employee" time="0.060" /><testcase classname="tests.test_claim_eligibility.TestClaimEndpointValidation" name="test_cannot_claim_already_claimed_event" time="0.281" /></testsuite></testsuites>