<?xml version="1.0" encoding="utf-8"?><testsuites name="pytest tests"><testsuite name="pytest" errors="0" failures="0" skipped="0" tests="6" time="0.295" timestamp="2026-07-04T03:28:31.953678+00:00" hostname="agent-env-5a8e7664-b91b-492e-8e06-21d85bc805b9"><testcase classname="tests.test_alpha38_trivia_presentation_native" name="test_import_trivia_has_native_branch" time="0.000" /><testcase classname="tests.test_alpha38_trivia_presentation_native" name="test_native_writer_targets_files_trivia_rounds" time="0.000" /><testcase classname="tests.test_alpha38_trivia_presentation_native" name="test_native_writer_actually_writes_bighat_file" time="0.262" /><testcase classname="tests.test_alpha38_trivia_presentation_native" name="test_get_presentations_scans_disk_when_db_empty" time="0.006" /><testcase classname="tests.test_alpha38_trivia_presentation_native" name="test_import_then_list_roundtrip" time="0.004" /><testcase classname="tests.test_alpha38_trivia_presentation_native" name="test_no_overwrite_when_same_slug_reused" time="0.004" /></testsuite></testsuites>