<?xml version="1.0" encoding="utf-8"?><testsuites name="pytest tests"><testsuite name="pytest" errors="0" failures="0" skipped="1" tests="12" time="1.251" timestamp="2026-07-04T03:30:44.000408+00:00" hostname="agent-env-5a8e7664-b91b-492e-8e06-21d85bc805b9"><testcase classname="tests.test_alpha38_live_integration" name="test_import_trivia_writes_bighat_file" time="0.157" /><testcase classname="tests.test_alpha38_live_integration" name="test_get_presentations_returns_new_import" time="0.241" /><testcase classname="tests.test_alpha38_live_integration" name="test_disk_only_bighat_surfaces_in_list" time="0.098"><skipped type="pytest.skip" message="disk-scan branch inactive (backend running in cloud mode; is_native() False). Unit test covers this behaviour via monkeypatch.">/app/backend/tests/test_alpha38_live_integration.py:158: disk-scan branch inactive (backend running in cloud mode; is_native() False). Unit test covers this behaviour via monkeypatch.</skipped></testcase><testcase classname="tests.test_alpha38_live_integration" name="test_same_name_produces_two_files" time="0.209" /><testcase classname="tests.test_alpha38_live_integration" name="test_get_presentations_regression_merges_and_supports_viewall" time="0.102" /><testcase classname="tests.test_alpha38_live_integration" name="test_files_locations_tab_regression" time="0.100" /><testcase classname="tests.test_alpha38_trivia_presentation_native" name="test_import_trivia_has_native_branch" time="0.000" /><testcase classname="tests.test_alpha38_trivia_presentation_native" name="test_native_writer_targets_files_trivia_rounds" time="0.000" /><testcase classname="tests.test_alpha38_trivia_presentation_native" name="test_native_writer_actually_writes_bighat_file" time="0.244" /><testcase classname="tests.test_alpha38_trivia_presentation_native" name="test_get_presentations_scans_disk_when_db_empty" time="0.006" /><testcase classname="tests.test_alpha38_trivia_presentation_native" name="test_import_then_list_roundtrip" time="0.004" /><testcase classname="tests.test_alpha38_trivia_presentation_native" name="test_no_overwrite_when_same_slug_reused" time="0.004" /></testsuite></testsuites>