<?xml version="1.0" encoding="utf-8"?><testsuites name="pytest tests"><testsuite name="pytest" errors="0" failures="0" skipped="0" tests="13" time="1.682" timestamp="2026-07-04T17:27:50.156609+00:00" hostname="agent-env-5a8e7664-b91b-492e-8e06-21d85bc805b9"><testcase classname="tests.test_alpha40_live_disk_rounds" name="test_create_round_writes_bighat_to_disk" time="0.294" /><testcase classname="tests.test_alpha40_live_disk_rounds" name="test_duplicate_round_writes_disk_with_copy_suffix" time="0.181" /><testcase classname="tests.test_alpha40_live_disk_rounds" name="test_delete_round_removes_disk_file" time="0.088" /><testcase classname="tests.test_alpha40_live_disk_rounds" name="test_two_rounds_same_name_get_unique_disk_files" time="0.187" /><testcase classname="tests.test_alpha40_live_disk_rounds" name="test_list_rounds_merges_disk_only" time="0.051" /><testcase classname="tests.test_alpha40_live_disk_rounds" name="test_round_files_endpoint_returns_bighat_files[mc]" time="0.047" /><testcase classname="tests.test_alpha40_live_disk_rounds" name="test_round_files_endpoint_returns_bighat_files[reg]" time="0.051" /><testcase classname="tests.test_alpha40_live_disk_rounds" name="test_round_files_endpoint_returns_bighat_files[misc]" time="0.047" /><testcase classname="tests.test_alpha40_live_disk_rounds" name="test_round_files_endpoint_returns_bighat_files[mys]" time="0.045" /><testcase classname="tests.test_alpha40_live_disk_rounds" name="test_round_files_endpoint_returns_bighat_files[big]" time="0.046" /><testcase classname="tests.test_alpha40_live_disk_rounds" name="test_slide_assembly_native_ordering" time="0.374" /><testcase classname="tests.test_alpha40_live_disk_rounds" name="test_slide_assembly_placeholder_on_missing_file" time="0.088" /><testcase classname="tests.test_alpha40_live_disk_rounds" name="test_regression_presentation_import_and_list" time="0.093" /></testsuite></testsuites>