<?xml version="1.0" encoding="utf-8"?><testsuites name="pytest tests"><testsuite name="pytest" errors="0" failures="0" skipped="0" tests="7" time="1.768" timestamp="2026-07-03T18:44:37.864297+00:00" hostname="agent-env-5a8e7664-b91b-492e-8e06-21d85bc805b9"><testcase classname="tests.test_alpha37_live_integration" name="test_native_mode_active" time="0.167" /><testcase classname="tests.test_alpha37_live_integration" name="test_import_trivia_and_list_returns_new_presentation" time="0.453" /><testcase classname="tests.test_alpha37_live_integration" name="test_get_presentations_returns_wizard_saved" time="0.104" /><testcase classname="tests.test_alpha37_live_integration" name="test_get_presentations_viewAll_includes_wizard_saved" time="0.103" /><testcase classname="tests.test_alpha37_live_integration" name="test_files_locations_lists_subfolder_with_counts" time="0.452" /><testcase classname="tests.test_alpha37_live_integration" name="test_files_hosts_lists_subfolders" time="0.154" /><testcase classname="tests.test_alpha37_live_integration" name="test_files_top_level_aggregate_no_location_bleed" time="0.253" /></testsuite></testsuites>