<?xml version="1.0" encoding="utf-8"?><testsuites name="pytest tests"><testsuite name="pytest" errors="0" failures="1" skipped="0" tests="6" time="1.145" timestamp="2026-07-04T03:29:20.952706+00:00" hostname="agent-env-5a8e7664-b91b-492e-8e06-21d85bc805b9"><testcase classname="tests.test_alpha38_live_integration" name="test_import_trivia_writes_bighat_file" time="0.186" /><testcase classname="tests.test_alpha38_live_integration" name="test_get_presentations_returns_new_import" time="0.244" /><testcase classname="tests.test_alpha38_live_integration" name="test_disk_only_bighat_surfaces_in_list" time="0.102"><failure message="AssertionError: orphan .bighat not surfaced. names=['TEST alpha38 build 53ad80', 'TEST alpha38 listable 0a2093']&#10;assert ('TEST-orphan-41769a03' in ['ed2bb788-e078-4c53-bf98-fd7c0ceb9783', '1d46fa33-b1ce-4f4a-91e2-0aed1b879142'] or 'TEST alpha38 orphan fc80f4' in ['TEST alpha38 build 53ad80', 'TEST alpha38 listable 0a2093'])">backend/tests/test_alpha38_live_integration.py:149: in test_disk_only_bighat_surfaces_in_list
    assert orphan_id in ids or orphan_name in names, (
E   AssertionError: orphan .bighat not surfaced. names=['TEST alpha38 build 53ad80', 'TEST alpha38 listable 0a2093']
E   assert ('TEST-orphan-41769a03' in ['ed2bb788-e078-4c53-bf98-fd7c0ceb9783', '1d46fa33-b1ce-4f4a-91e2-0aed1b879142'] or 'TEST alpha38 orphan fc80f4' in ['TEST alpha38 build 53ad80', 'TEST alpha38 listable 0a2093'])</failure></testcase><testcase classname="tests.test_alpha38_live_integration" name="test_same_name_produces_two_files" time="0.297" /><testcase classname="tests.test_alpha38_live_integration" name="test_get_presentations_regression_merges_and_supports_viewall" time="0.105" /><testcase classname="tests.test_alpha38_live_integration" name="test_files_locations_tab_regression" time="0.112" /></testsuite></testsuites>