<?xml version="1.0" encoding="utf-8"?><testsuites name="pytest tests"><testsuite name="pytest" errors="0" failures="0" skipped="0" tests="8" time="0.451" timestamp="2026-06-23T21:06:46.587253+00:00" hostname="agent-env-5a8e7664-b91b-492e-8e06-21d85bc805b9"><testcase classname="tests.test_autotag_workflow_iter15.TestAutoTagWorkflow" name="test_file_exists_and_parses" time="0.008" /><testcase classname="tests.test_autotag_workflow_iter15.TestAutoTagWorkflow" name="test_on_push_branches_exact_set" time="0.002" /><testcase classname="tests.test_autotag_workflow_iter15.TestAutoTagWorkflow" name="test_on_push_paths_contains_version_txt" time="0.002" /><testcase classname="tests.test_autotag_workflow_iter15.TestAutoTagWorkflow" name="test_job_structure" time="0.002" /><testcase classname="tests.test_autotag_workflow_iter15.TestAutoTagWorkflow" name="test_required_steps_present" time="0.002" /><testcase classname="tests.test_autotag_workflow_iter15.TestReleaseWorkflow" name="test_release_tag_triggered_and_branch_agnostic" time="0.005" /><testcase classname="tests.test_autotag_workflow_iter15.TestBackendSmoke" name="test_root_health" time="0.289" /><testcase classname="tests.test_autotag_workflow_iter15.TestBackendSmoke" name="test_native_files_list" time="0.066" /></testsuite></testsuites>