<?xml version="1.0" encoding="utf-8"?><testsuites name="pytest tests"><testsuite name="pytest" errors="0" failures="0" skipped="0" tests="11" time="6.216" timestamp="2026-06-24T00:23:39.026723+00:00" hostname="agent-env-5a8e7664-b91b-492e-8e06-21d85bc805b9"><testcase classname="tests.test_cloud_downloads" name="test_auto_redirects_windows_ua_to_exe" time="1.121" /><testcase classname="tests.test_cloud_downloads" name="test_auto_redirects_mac_ua_to_apple_silicon_dmg" time="0.433" /><testcase classname="tests.test_cloud_downloads" name="test_auto_unknown_ua_goes_to_landing" time="0.478" /><testcase classname="tests.test_cloud_downloads" name="test_auto_explicit_platform_override" time="0.473" /><testcase classname="tests.test_cloud_downloads" name="test_latest_manifest_returns_all_platforms" time="0.479" /><testcase classname="tests.test_cloud_downloads" name="test_legacy_platform_endpoint_returns_macos_apple" time="0.480" /><testcase classname="tests.test_cloud_downloads" name="test_legacy_platform_endpoint_macos_alias_picks_apple_silicon" time="0.431" /><testcase classname="tests.test_cloud_downloads" name="test_landing_page_shows_mac_primary_for_mac_ua" time="0.485" /><testcase classname="tests.test_cloud_downloads" name="test_landing_page_shows_windows_primary_for_windows_ua" time="0.485" /><testcase classname="tests.test_cloud_downloads" name="test_env_override_beats_github_lookup" time="0.482" /><testcase classname="tests.test_cloud_downloads" name="test_auto_redirects_to_landing_when_asset_missing" time="0.632" /></testsuite></testsuites>