<?xml version="1.0" encoding="utf-8"?><testsuites name="pytest tests"><testsuite name="pytest" errors="0" failures="0" skipped="0" tests="215" time="36.071" timestamp="2026-05-04T18:05:18.771178+00:00" hostname="agent-env-5a8e7664-b91b-492e-8e06-21d85bc805b9"><testcase classname="backend.tests.test_phase2_trivia_native.TestAuthAndNativeBoot" name="test_native_info_reports_native_mode" time="0.226" /><testcase classname="backend.tests.test_phase2_trivia_native.TestAuthAndNativeBoot" name="test_login_master_admin" time="0.515" /><testcase classname="backend.tests.test_phase2_trivia_native.TestAuthAndNativeBoot" name="test_auth_me_returns_master_admin" time="0.566" /><testcase classname="backend.tests.test_phase2_trivia_native.TestTriviaLocalAssets" name="test_endpoint_returns_nonempty_array[/api/trivia/hosts]" time="0.057" /><testcase classname="backend.tests.test_phase2_trivia_native.TestTriviaLocalAssets" name="test_endpoint_returns_nonempty_array[/api/trivia/locations]" time="0.059" /><testcase classname="backend.tests.test_phase2_trivia_native.TestTriviaLocalAssets" name="test_endpoint_returns_nonempty_array[/api/trivia/sponsors]" time="0.056" /><testcase classname="backend.tests.test_phase2_trivia_native.TestTriviaLocalAssets" name="test_endpoint_returns_nonempty_array[/api/trivia/rounds/mc]" time="0.059" /><testcase classname="backend.tests.test_phase2_trivia_native.TestTriviaLocalAssets" name="test_endpoint_returns_nonempty_array[/api/trivia/rounds/reg]" time="0.057" /><testcase classname="backend.tests.test_phase2_trivia_native.TestTriviaLocalAssets" name="test_endpoint_returns_nonempty_array[/api/trivia/round-files/mc]" time="0.060" /><testcase classname="backend.tests.test_phase2_trivia_native.TestTriviaLocalAssets" name="test_endpoint_returns_nonempty_array[/api/trivia/round-files/reg]" time="0.062" /><testcase classname="backend.tests.test_phase2_trivia_native.TestTriviaLocalAssets" name="test_endpoint_returns_array_maybe_empty[/api/trivia/rounds]" time="0.056" /><testcase classname="backend.tests.test_phase2_trivia_native.TestTriviaLocalAssets" name="test_endpoint_returns_array_maybe_empty[/api/trivia/rounds/misc]" time="0.061" /><testcase classname="backend.tests.test_phase2_trivia_native.TestTriviaLocalAssets" name="test_endpoint_returns_array_maybe_empty[/api/trivia/rounds/mys]" time="0.062" /><testcase classname="backend.tests.test_phase2_trivia_native.TestTriviaLocalAssets" name="test_endpoint_returns_array_maybe_empty[/api/trivia/rounds/big]" time="0.059" /><testcase classname="backend.tests.test_phase2_trivia_native.TestTriviaLocalAssets" name="test_rounds_union_contains_mc_and_reg" time="0.060" /><testcase classname="backend.tests.test_phase2_trivia_native.TestPresentationCRUD" name="test_full_crud_cycle" time="0.330" /><testcase classname="backend.tests.test_phase2_trivia_native.TestTriviaViewerList" name="test_viewer_list_returns_array" time="0.059" /><testcase classname="backend.tests.test_phase2_trivia_native.TestGridFSShim" name="test_slides_metadata_endpoint" time="0.413" /><testcase classname="backend.tests.test_phase2_trivia_native.TestGridFSShim" name="test_slides_endpoint_returns_original" time="0.061" /><testcase classname="backend.tests.test_phase2_trivia_native.TestGridFSShim" name="test_chunk_endpoint" time="0.061" /><testcase classname="backend.tests.test_phase2_trivia_native.TestGridFSShim" name="test_clear_cache_resets_metadata" time="0.304" /><testcase classname="backend.tests.test_phase2_trivia_native.TestPremiumGate" name="test_toggle_on_then_off_and_local_still_served" time="0.245" /><testcase classname="backend.tests.test_phase2_trivia_native.TestScheduleRegression" name="test_get_venues" time="0.064" /><testcase classname="backend.tests.test_phase2_trivia_native.TestScheduleRegression" name="test_event_crud" time="0.315" /><testcase classname="backend.tests.test_phase2_trivia_native.TestNativeFoundation" name="test_endpoint_ok[/api/native/info]" time="0.061" /><testcase classname="backend.tests.test_phase2_trivia_native.TestNativeFoundation" name="test_endpoint_ok[/api/native/setup/status]" time="0.059" /><testcase classname="backend.tests.test_phase2_trivia_native.TestNativeFoundation" name="test_endpoint_ok[/api/native/license]" time="0.058" /><testcase classname="backend.tests.test_phase2_trivia_native.TestNativeFoundation" name="test_endpoint_ok[/api/native/hwid]" time="0.063" /><testcase classname="backend.tests.test_phase2_trivia_native.TestNativeFoundation" name="test_endpoint_ok[/api/native/subscription]" time="0.060" /><testcase classname="backend.tests.test_phase2_trivia_native.TestSQLiteCollectionsOnDisk" name="test_collection_file_exists[events.collection]" time="0.000" /><testcase classname="backend.tests.test_phase2_trivia_native.TestSQLiteCollectionsOnDisk" name="test_collection_file_exists[venues.collection]" time="0.000" /><testcase classname="backend.tests.test_phase2_trivia_native.TestSQLiteCollectionsOnDisk" name="test_collection_file_exists[employees.collection]" time="0.000" /><testcase classname="backend.tests.test_phase2_trivia_native.TestSQLiteCollectionsOnDisk" name="test_collection_file_exists[users.collection]" time="0.000" /><testcase classname="backend.tests.test_phase2_trivia_native.TestSQLiteCollectionsOnDisk" name="test_collection_file_exists[login_attempts.collection]" time="0.000" /><testcase classname="backend.tests.test_phase2_trivia_native.TestSQLiteCollectionsOnDisk" name="test_collection_file_exists[venue_pricing.collection]" time="0.000" /><testcase classname="backend.tests.test_phase2_trivia_native.TestSQLiteCollectionsOnDisk" name="test_collection_file_exists[presentations.collection]" time="0.000" /><testcase classname="backend.tests.test_phase2_trivia_native.TestSQLiteCollectionsOnDisk" name="test_gridfs_collections_exist_after_seed" time="0.000" /><testcase classname="backend.tests.test_phase3_roundmaker_native.TestSharepointStatus" name="test_local_mode_status" time="0.684" /><testcase classname="backend.tests.test_phase3_roundmaker_native.TestRegTitleImages" name="test_payload_shape" time="0.063" /><testcase classname="backend.tests.test_phase3_roundmaker_native.TestRegTitleImages" name="test_seeded_titles_present" time="0.000" /><testcase classname="backend.tests.test_phase3_roundmaker_native.TestRegTitleImages" name="test_item_ids_are_relative_local_paths" time="0.000" /><testcase classname="backend.tests.test_phase3_roundmaker_native.TestRegTitleImagePreview" name="test_preview_returns_png_bytes" time="0.136" /><testcase classname="backend.tests.test_phase3_roundmaker_native.TestRegDownloadTitleImage" name="test_download_copies_to_uploads" time="0.123" /><testcase classname="backend.tests.test_phase3_roundmaker_native.TestMcNextName" name="test_returns_200_in_local_mode" time="0.062" /><testcase classname="backend.tests.test_phase3_roundmaker_native.TestRoundTrip" name="test_get_rounds_includes_created" time="0.195" /><testcase classname="backend.tests.test_phase3_roundmaker_native.TestRoundTrip" name="test_generate_returns_pptx" time="0.225" /><testcase classname="backend.tests.test_phase3_roundmaker_native.TestRoundTrip" name="test_upload_sharepoint_publishes_locally" time="0.135" /><testcase classname="backend.tests.test_phase3_roundmaker_native.TestRoundTrip" name="test_round_files_reg_includes_published" time="0.070" /><testcase classname="backend.tests.test_phase3_roundmaker_native.TestRoundTrip" name="test_reg_next_number_increments_for_synthetic_category" time="0.137" /><testcase classname="backend.tests.test_phase3_roundmaker_native.TestPremiumGateSanity" name="test_subscription_default_off_then_local_still_serves" time="0.231" /><testcase classname="backend.tests.test_phase3_roundmaker_native.TestRegression" name="test_endpoint_200_list[/api/trivia/hosts]" time="0.069" /><testcase classname="backend.tests.test_phase3_roundmaker_native.TestRegression" name="test_endpoint_200_list[/api/trivia/locations]" time="0.057" /><testcase classname="backend.tests.test_phase3_roundmaker_native.TestRegression" name="test_endpoint_200_list[/api/trivia/sponsors]" time="0.059" /><testcase classname="backend.tests.test_phase3_roundmaker_native.TestRegression" name="test_endpoint_200_list[/api/trivia/rounds]" time="0.068" /><testcase classname="backend.tests.test_phase3_roundmaker_native.TestRegression" name="test_endpoint_200_list[/api/venues]" time="0.073" /><testcase classname="backend.tests.test_phase3_roundmaker_native.TestRegression" name="test_endpoint_200_list[/api/events]" time="0.077" /><testcase classname="backend.tests.test_phase3_roundmaker_native.TestRegression" name="test_slides_metadata_for_unknown_id" time="0.115" /><testcase classname="backend.tests.test_phase3_roundmaker_native.TestRegression" name="test_presentations_list_endpoint" time="0.077" /><testcase classname="backend.tests.test_phase4_bingo_native.TestBingoStatus" name="test_status_native_local_with_counts" time="0.150" /><testcase classname="backend.tests.test_phase4_bingo_native.TestAvailableDecades" name="test_local_listing_contains_seeded" time="0.065" /><testcase classname="backend.tests.test_phase4_bingo_native.TestSongLists" name="test_songlist_1970s_first_song" time="0.073" /><testcase classname="backend.tests.test_phase4_bingo_native.TestSongLists" name="test_songlist_1980s_first_song" time="0.063" /><testcase classname="backend.tests.test_phase4_bingo_native.TestSongLists" name="test_songlist_2000s_alias_404_y2k" time="0.058" /><testcase classname="backend.tests.test_phase4_bingo_native.TestSongLists" name="test_songlist_unknown_404_with_filename" time="0.065" /><testcase classname="backend.tests.test_phase4_bingo_native.TestBingoCardsListing" name="test_local_listing_categories" time="0.064" /><testcase classname="backend.tests.test_phase4_bingo_native.TestBingoCardDownload" name="test_download_standard_1970s" time="0.070" /><testcase classname="backend.tests.test_phase4_bingo_native.TestBingoCardDownload" name="test_download_standard_1980s" time="0.076" /><testcase classname="backend.tests.test_phase4_bingo_native.TestBingoCardDownload" name="test_download_senior_1970s" time="0.083" /><testcase classname="backend.tests.test_phase4_bingo_native.TestBingoCardDownload" name="test_download_special_pop_punk_emo_url_encoded" time="0.070" /><testcase classname="backend.tests.test_phase4_bingo_native.TestBingoCardDownload" name="test_download_unknown_decade_404" time="0.058" /><testcase classname="backend.tests.test_phase4_bingo_native.TestBingoCardDownload" name="test_download_invalid_category_400_or_404_not_500" time="0.066" /><testcase classname="backend.tests.test_phase4_bingo_native.TestMusicGameLifecycle" name="test_full_music_lifecycle" time="1.883" /><testcase classname="backend.tests.test_phase4_bingo_native.TestMusicGameLifecycle" name="test_volume_update" time="0.190" /><testcase classname="backend.tests.test_phase4_bingo_native.TestNumberGameLifecycle" name="test_call_number_no_duplicates_x10" time="1.574" /><testcase classname="backend.tests.test_phase4_bingo_native.TestNumberGameSpecPayloadOnly" name="test_spec_payload_only_create_and_call_number" time="0.204" /><testcase classname="backend.tests.test_phase4_bingo_native.TestRegressionPublicEndpoints" name="test_endpoint_200[/api/native/info]" time="0.068" /><testcase classname="backend.tests.test_phase4_bingo_native.TestRegressionPublicEndpoints" name="test_endpoint_200[/api/native/sync/status]" time="0.064" /><testcase classname="backend.tests.test_phase4_bingo_native.TestRegressionPublicEndpoints" name="test_endpoint_200[/api/scoreboard/status]" time="0.073" /><testcase classname="backend.tests.test_phase4_bingo_native.TestRegressionPublicEndpoints" name="test_endpoint_200[/api/story-generator/status]" time="0.073" /><testcase classname="backend.tests.test_phase4_bingo_native.TestRegressionPublicEndpoints" name="test_endpoint_200[/api/trivia/hosts]" time="0.070" /><testcase classname="backend.tests.test_phase4_bingo_native.TestRegressionPublicEndpoints" name="test_endpoint_200[/api/trivia/round-files/reg]" time="0.095" /><testcase classname="backend.tests.test_phase4_bingo_native.TestRegressionPublicEndpoints" name="test_endpoint_200[/api/roundmaker/sharepoint-status]" time="0.066" /><testcase classname="backend.tests.test_phase4_bingo_native.TestRegressionPublicEndpoints" name="test_endpoint_200[/api/venues]" time="0.063" /><testcase classname="backend.tests.test_phase4_bingo_native.TestRegressionPublicEndpoints" name="test_endpoint_200[/api/events]" time="0.071" /><testcase classname="backend.tests.test_phase5_scoreboard_native.TestStatus" name="test_status_shape_native_local" time="0.241" /><testcase classname="backend.tests.test_phase5_scoreboard_native.TestSharepointLocal" name="test_files_lists_seeded" time="0.046" /><testcase classname="backend.tests.test_phase5_scoreboard_native.TestSharepointLocal" name="test_sync_writes_db" time="0.108" /><testcase classname="backend.tests.test_phase5_scoreboard_native.TestSharepointLocal" name="test_file_content_path_with_space" time="0.054" /><testcase classname="backend.tests.test_phase5_scoreboard_native.TestSharepointLocal" name="test_path_traversal_blocked" time="0.082" /><testcase classname="backend.tests.test_phase5_scoreboard_native.TestPresetsCRUD" name="test_roundtrip" time="0.319" /><testcase classname="backend.tests.test_phase5_scoreboard_native.TestTournamentsCRUD" name="test_roundtrip_and_advance" time="0.421" /><testcase classname="backend.tests.test_phase5_scoreboard_native.TestPremiumGateOff" name="test_generate_video_empty_body_402" time="0.051" /><testcase classname="backend.tests.test_phase5_scoreboard_native.TestPremiumGateOff" name="test_exports_upload_402" time="0.136" /><testcase classname="backend.tests.test_phase5_scoreboard_native.TestPremiumGateOff" name="test_image_to_video_402" time="0.147" /><testcase classname="backend.tests.test_phase5_scoreboard_native.TestReadsStillWorkOff" name="test_read[/scoreboard/scores]" time="0.051" /><testcase classname="backend.tests.test_phase5_scoreboard_native.TestReadsStillWorkOff" name="test_read[/scoreboard/tournaments]" time="0.047" /><testcase classname="backend.tests.test_phase5_scoreboard_native.TestReadsStillWorkOff" name="test_read[/scoreboard/presets]" time="0.058" /><testcase classname="backend.tests.test_phase5_scoreboard_native.TestReadsStillWorkOff" name="test_read[/scoreboard/status]" time="0.053" /><testcase classname="backend.tests.test_phase5_scoreboard_native.TestPremiumGateOn" name="test_toggle_cycle" time="0.306" /><testcase classname="backend.tests.test_phase5_scoreboard_native.TestRegression" name="test_read_200[/native/info]" time="0.050" /><testcase classname="backend.tests.test_phase5_scoreboard_native.TestRegression" name="test_read_200[/trivia/hosts]" time="0.056" /><testcase classname="backend.tests.test_phase5_scoreboard_native.TestRegression" name="test_read_200[/trivia/round-files/reg]" time="0.048" /><testcase classname="backend.tests.test_phase5_scoreboard_native.TestRegression" name="test_read_200[/roundmaker/sharepoint-status]" time="0.046" /><testcase classname="backend.tests.test_phase5_scoreboard_native.TestRegression" name="test_read_200[/story-generator/status]" time="0.048" /><testcase classname="backend.tests.test_phase5_scoreboard_native.TestRegression" name="test_read_200[/venues]" time="0.049" /><testcase classname="backend.tests.test_phase5_scoreboard_native.TestRegression" name="test_read_200[/events]" time="0.048" /><testcase classname="backend.tests.test_phase5_scoreboard_native.TestRegression" name="test_roundmaker_reports_local" time="0.046" /><testcase classname="backend.tests.test_phase5_scoreboard_native.TestRegression" name="test_story_generator_unavailable_sub_off" time="0.102" /><testcase classname="backend.tests.test_phase6_story_generator_native.TestStatus" name="test_status_off_native_mode" time="0.232" /><testcase classname="backend.tests.test_phase6_story_generator_native.TestStatus" name="test_status_on" time="0.148" /><testcase classname="backend.tests.test_phase6_story_generator_native.TestGateOff" name="test_mutating_returns_402[POST-/api/story-generator/generate/fake-id-xyz-None]" time="0.124" /><testcase classname="backend.tests.test_phase6_story_generator_native.TestGateOff" name="test_mutating_returns_402[POST-/api/story-generator/preview/fake-id-xyz-None]" time="0.116" /><testcase classname="backend.tests.test_phase6_story_generator_native.TestGateOff" name="test_mutating_returns_402[POST-/api/story-generator/assemble-video-body2]" time="0.113" /><testcase classname="backend.tests.test_phase6_story_generator_native.TestGateOff" name="test_mutating_returns_402[POST-/api/story-generator/convert-webm-body3]" time="0.144" /><testcase classname="backend.tests.test_phase6_story_generator_native.TestGateOff" name="test_mutating_returns_402[POST-/api/story-generator/generate-event-video-body4]" time="0.103" /><testcase classname="backend.tests.test_phase6_story_generator_native.TestGateOff" name="test_mutating_returns_402[POST-/api/story-generator/event-preview-body5]" time="0.098" /><testcase classname="backend.tests.test_phase6_story_generator_native.TestGateOff" name="test_mutating_returns_402[DELETE-/api/story-generator/asset/test/test-None]" time="0.119" /><testcase classname="backend.tests.test_phase6_story_generator_native.TestGateOff" name="test_upload_asset_returns_402" time="0.163" /><testcase classname="backend.tests.test_phase6_story_generator_native.TestReadFree" name="test_read_never_402[/api/story-generator/presentations]" time="0.102" /><testcase classname="backend.tests.test_phase6_story_generator_native.TestReadFree" name="test_read_never_402[/api/story-generator/assets]" time="0.112" /><testcase classname="backend.tests.test_phase6_story_generator_native.TestReadFree" name="test_read_never_402[/api/story-generator/job-status/nonexistent-job-id]" time="0.124" /><testcase classname="backend.tests.test_phase6_story_generator_native.TestGateOn" name="test_generate_returns_404_not_402" time="0.105" /><testcase classname="backend.tests.test_phase6_story_generator_native.TestGateOn" name="test_preview_returns_404_not_402" time="0.117" /><testcase classname="backend.tests.test_phase6_story_generator_native.TestGateOn" name="test_convert_webm_no_longer_402" time="0.115" /><testcase classname="backend.tests.test_phase6_story_generator_native.TestToggleImmediate" name="test_off_then_on_then_off" time="0.325" /><testcase classname="backend.tests.test_phase6_story_generator_native.TestPerFeature" name="test_story_on_sharepoint_off" time="0.169" /><testcase classname="backend.tests.test_phase6_story_generator_native.TestRegression" name="test_regression_no_crash[/api/native/info]" time="0.055" /><testcase classname="backend.tests.test_phase6_story_generator_native.TestRegression" name="test_regression_no_crash[/api/venues]" time="0.067" /><testcase classname="backend.tests.test_phase6_story_generator_native.TestRegression" name="test_regression_no_crash[/api/events]" time="0.063" /><testcase classname="backend.tests.test_phase6_story_generator_native.TestRegression" name="test_regression_no_crash[/api/trivia/hosts]" time="0.059" /><testcase classname="backend.tests.test_phase6_story_generator_native.TestRegression" name="test_regression_no_crash[/api/trivia/round-files/reg]" time="0.052" /><testcase classname="backend.tests.test_phase6_story_generator_native.TestRegression" name="test_regression_no_crash[/api/presentations?userName=master@bighat.local]" time="0.057" /><testcase classname="backend.tests.test_phase6_story_generator_native.TestRegression" name="test_regression_no_crash[/api/roundmaker/sharepoint-status]" time="0.057" /><testcase classname="backend.tests.test_phase6_story_generator_native.TestRegression" name="test_regression_no_crash[/api/trivia-import/slides-metadata/nonexistent]" time="0.122" /><testcase classname="backend.tests.test_phase7_sync_native.TestStatusEndpoint" name="test_status_200_free" time="0.301" /><testcase classname="backend.tests.test_phase7_sync_native.TestPremiumGateOff" name="test_endpoint_402_when_off[plan]" time="0.244" /><testcase classname="backend.tests.test_phase7_sync_native.TestPremiumGateOff" name="test_endpoint_402_when_off[pull]" time="0.256" /><testcase classname="backend.tests.test_phase7_sync_native.TestPremiumGateOff" name="test_endpoint_402_when_off[push]" time="0.266" /><testcase classname="backend.tests.test_phase7_sync_native.TestPremiumGateOff" name="test_status_200_when_off" time="0.269" /><testcase classname="backend.tests.test_phase7_sync_native.TestPremiumOn" name="test_enable_premium_flips_status" time="0.251" /><testcase classname="backend.tests.test_phase7_sync_native.TestPullPushRoundTrip" name="test_plan_reports_add_for_seeded_fixture" time="0.293" /><testcase classname="backend.tests.test_phase7_sync_native.TestPullPushRoundTrip" name="test_pull_creates_file_locally" time="0.289" /><testcase classname="backend.tests.test_phase7_sync_native.TestPullPushRoundTrip" name="test_push_mirrors_local_only_to_fixture" time="0.284" /><testcase classname="backend.tests.test_phase7_sync_native.TestPullPushRoundTrip" name="test_plan_converges_after_round_trip" time="0.243" /><testcase classname="backend.tests.test_phase7_sync_native.TestSyncStatePersistence" name="test_status_has_last_pull_and_push" time="1.596" /><testcase classname="backend.tests.test_phase7_sync_native.TestDeleteMissing" name="test_pull_to_delete_lists_local_only_file" time="0.230" /><testcase classname="backend.tests.test_phase7_sync_native.TestPathTraversalSafety" name="test_traversal_does_not_leak_filesystem" time="0.240" /><testcase classname="backend.tests.test_phase7_sync_native.TestGateReengages" name="test_off_blocks_pull_after_having_been_on" time="0.538" /><testcase classname="backend.tests.test_phase7_sync_native.TestPreviousPhasesSpotCheck" name="test_endpoint_200[/api/native/info]" time="0.143" /><testcase classname="backend.tests.test_phase7_sync_native.TestPreviousPhasesSpotCheck" name="test_endpoint_200[/api/native/hwid]" time="0.136" /><testcase classname="backend.tests.test_phase7_sync_native.TestPreviousPhasesSpotCheck" name="test_endpoint_200[/api/native/license]" time="0.120" /><testcase classname="backend.tests.test_phase7_sync_native.TestPreviousPhasesSpotCheck" name="test_endpoint_200[/api/trivia/hosts]" time="0.118" /><testcase classname="backend.tests.test_phase7_sync_native.TestPreviousPhasesSpotCheck" name="test_endpoint_200[/api/trivia/round-files/reg]" time="0.110" /><testcase classname="backend.tests.test_phase7_sync_native.TestPreviousPhasesSpotCheck" name="test_endpoint_200[/api/roundmaker/sharepoint-status]" time="0.138" /><testcase classname="backend.tests.test_phase7_sync_native.TestPreviousPhasesSpotCheck" name="test_endpoint_200[/api/story-generator/status]" time="0.109" /><testcase classname="backend.tests.test_phase7_sync_native.TestPreviousPhasesSpotCheck" name="test_endpoint_200[/api/scoreboard/status]" time="0.351" /><testcase classname="backend.tests.test_phase8_admin_native.TestRouterMounted" name="test_unauth_returns_401_not_404" time="0.143" /><testcase classname="backend.tests.test_phase8_admin_native.TestListUsers" name="test_master_can_list_users" time="0.611" /><testcase classname="backend.tests.test_phase8_admin_native.TestListUsers" name="test_whoami" time="0.080" /><testcase classname="backend.tests.test_phase8_admin_native.TestValidation" name="test_invalid_role_422" time="0.079" /><testcase classname="backend.tests.test_phase8_admin_native.TestValidation" name="test_invalid_email_422" time="0.088" /><testcase classname="backend.tests.test_phase8_admin_native.TestValidation" name="test_short_password_422" time="0.080" /><testcase classname="backend.tests.test_phase8_admin_native.TestSubAdminFlow" name="test_create_subadmin_and_role_gating" time="1.081" /><testcase classname="backend.tests.test_phase8_admin_native.TestSubAdminFlow" name="test_duplicate_email_409" time="0.392" /><testcase classname="backend.tests.test_phase8_admin_native.TestUpdateUser" name="test_promote_demote_and_password_reset" time="1.388" /><testcase classname="backend.tests.test_phase8_admin_native.TestUpdateUser" name="test_cannot_delete_master" time="0.152" /><testcase classname="backend.tests.test_phase8_admin_native.TestUpdateUser" name="test_cannot_demote_master" time="0.148" /><testcase classname="backend.tests.test_phase8_admin_native.TestLicenseSeats" name="test_list_seats_shape" time="0.085" /><testcase classname="backend.tests.test_phase8_admin_native.TestLicenseSeats" name="test_rename_seat_label" time="0.174" /><testcase classname="backend.tests.test_phase8_admin_native.TestLicenseSeats" name="test_revoke_current_device_blocked" time="0.163" /><testcase classname="backend.tests.test_phase8_admin_native.TestLicenseSeats" name="test_revoke_unknown_seat_404" time="0.077" /><testcase classname="backend.tests.test_phase8_admin_native.TestTournamentValidation" name="test_team_count_mismatch_422" time="0.080" /><testcase classname="backend.tests.test_phase8_admin_native.TestTournamentValidation" name="test_valid_tournament_4_teams" time="0.161" /><testcase classname="backend.tests.test_phase8_admin_native.TestTournamentValidation" name="test_empty_teams_preseeded_ok" time="0.161" /><testcase classname="backend.tests.test_phase8_admin_native.TestTournamentAdvance" name="test_empty_body_422" time="0.072" /><testcase classname="backend.tests.test_phase8_admin_native.TestTournamentAdvance" name="test_advance_real_tournament_200" time="0.340" /><testcase classname="backend.tests.test_phase8_admin_native.TestRegression" name="test_public_endpoint_200[/api/native/info]" time="0.082" /><testcase classname="backend.tests.test_phase8_admin_native.TestRegression" name="test_public_endpoint_200[/api/native/sync/status]" time="0.082" /><testcase classname="backend.tests.test_phase8_admin_native.TestRegression" name="test_public_endpoint_200[/api/story-generator/status]" time="0.080" /><testcase classname="backend.tests.test_phase8_admin_native.TestRegression" name="test_public_endpoint_200[/api/scoreboard/status]" time="0.074" /><testcase classname="backend.tests.test_phase8_admin_native.TestRegression" name="test_public_endpoint_200[/api/trivia/hosts]" time="0.071" /><testcase classname="backend.tests.test_phase8_admin_native.TestRegression" name="test_public_endpoint_200[/api/trivia/round-files/reg]" time="0.075" /><testcase classname="backend.tests.test_phase8_admin_native.TestRegression" name="test_public_endpoint_200[/api/roundmaker/sharepoint-status]" time="0.075" /><testcase classname="backend.tests.test_phase8_admin_native.TestRegression" name="test_public_endpoint_200[/api/venues]" time="0.071" /><testcase classname="backend.tests.test_phase8_admin_native.TestRegression" name="test_public_endpoint_200[/api/events]" time="0.075" /><testcase classname="backend.tests.test_phase8_admin_native.TestZCleanupVerification" name="test_no_extra_users_left" time="0.581" /><testcase classname="backend.tests.test_phase9_packaging.TestLauncherCheck" name="test_check_exits_zero_and_prints_expected_lines" time="0.298" /><testcase classname="backend.tests.test_phase9_packaging.TestLauncherCheck" name="test_check_custom_port_appears_in_output" time="0.290" /><testcase classname="backend.tests.test_phase9_packaging.TestLauncherBoot" name="test_launcher_serves_health_native_info_then_dies" time="1.884" /><testcase classname="backend.tests.test_phase9_packaging.TestLauncherBoot" name="test_launcher_with_port_already_in_use_fails_fast" time="1.477" /><testcase classname="backend.tests.test_phase9_packaging.TestSpaStaticBundle" name="test_root_returns_index_html_with_title" time="0.003" /><testcase classname="backend.tests.test_phase9_packaging.TestSpaStaticBundle" name="test_spa_deep_link_returns_index_html" time="0.003" /><testcase classname="backend.tests.test_phase9_packaging.TestSpaStaticBundle" name="test_api_route_not_shadowed_by_spa" time="0.002" /><testcase classname="backend.tests.test_phase9_packaging.TestSpaStaticBundle" name="test_health_still_json" time="0.002" /><testcase classname="backend.tests.test_phase9_packaging.TestSpaStaticBundle" name="test_unknown_api_route_returns_404_not_index" time="0.002" /><testcase classname="backend.tests.test_phase9_packaging.TestStaticAssets" name="test_css_asset_served_200" time="0.003" /><testcase classname="backend.tests.test_phase9_packaging.TestStaticAssets" name="test_js_asset_served_200" time="0.006" /><testcase classname="backend.tests.test_phase9_packaging.TestBuildManifest" name="test_manifest_present_and_well_formed" time="0.000" /><testcase classname="backend.tests.test_phase9_packaging.TestBuildOrchestrator" name="test_help_lists_three_flags" time="0.039" /><testcase classname="backend.tests.test_phase9_packaging.TestBuildOrchestrator" name="test_no_frontend_preserves_index_html" time="0.039" /><testcase classname="backend.tests.test_phase9_packaging.TestAdvanceMatchNotFound" name="test_unknown_match_id_returns_404_with_prefix" time="0.464" /><testcase classname="backend.tests.test_phase9_packaging.TestAdvanceMatchNotFound" name="test_real_match_id_advances_200" time="0.017" /><testcase classname="backend.tests.test_phase9_packaging.TestAdminRouterResolver" name="test_module_attrs" time="0.007" /><testcase classname="backend.tests.test_phase9_packaging.TestAdminRouterResolver" name="test_setter_round_trip" time="0.000" /><testcase classname="backend.tests.test_phase9_packaging.TestPackagingArtifacts" name="test_files_exist_and_non_empty" time="0.000" /><testcase classname="backend.tests.test_phase9_packaging.TestPackagingArtifacts" name="test_vbs_headers_and_install_root_literal" time="0.000" /><testcase classname="backend.tests.test_phase9_packaging.TestPublicRegression" name="test_endpoint_status[/api/native/info-allowed0]" time="0.003" /><testcase classname="backend.tests.test_phase9_packaging.TestPublicRegression" name="test_endpoint_status[/api/native/sync/status-allowed1]" time="0.003" /><testcase classname="backend.tests.test_phase9_packaging.TestPublicRegression" name="test_endpoint_status[/api/native/admin/whoami-allowed2]" time="0.002" /><testcase classname="backend.tests.test_phase9_packaging.TestPublicRegression" name="test_endpoint_status[/api/story-generator/status-allowed3]" time="0.002" /><testcase classname="backend.tests.test_phase9_packaging.TestPublicRegression" name="test_endpoint_status[/api/scoreboard/status-allowed4]" time="0.004" /><testcase classname="backend.tests.test_phase9_packaging.TestPublicRegression" name="test_endpoint_status[/api/trivia/hosts-allowed5]" time="0.002" /><testcase classname="backend.tests.test_phase9_packaging.TestPublicRegression" name="test_endpoint_status[/api/venues-allowed6]" time="0.003" /><testcase classname="backend.tests.test_phase9_packaging.TestPublicRegression" name="test_endpoint_status[/api/events-allowed7]" time="0.005" /><testcase classname="backend.tests.test_phase9_packaging.TestPublicRegression" name="test_endpoint_status[/api/roundmaker/sharepoint-status-allowed8]" time="0.014" /></testsuite></testsuites>