<?xml version="1.0" encoding="utf-8"?><testsuites name="pytest tests"><testsuite name="pytest" errors="0" failures="0" skipped="0" tests="22" time="0.353" timestamp="2026-06-24T00:34:07.899326+00:00" hostname="agent-env-5a8e7664-b91b-492e-8e06-21d85bc805b9"><testcase classname="tests.test_installer_hooks_iter17" name="test_nsh_file_exists_and_non_empty" time="0.000" /><testcase classname="tests.test_installer_hooks_iter17" name="test_nsh_defines_preinstall_macro" time="0.000" /><testcase classname="tests.test_installer_hooks_iter17" name="test_nsh_defines_preuninstall_macro" time="0.000" /><testcase classname="tests.test_installer_hooks_iter17" name="test_nsh_macros_end_with_macroend" time="0.000" /><testcase classname="tests.test_installer_hooks_iter17" name="test_macro_kills_shell_exe[NSIS_HOOK_PREINSTALL]" time="0.000" /><testcase classname="tests.test_installer_hooks_iter17" name="test_macro_kills_shell_exe[NSIS_HOOK_PREUNINSTALL]" time="0.000" /><testcase classname="tests.test_installer_hooks_iter17" name="test_macro_kills_backend_exe[NSIS_HOOK_PREINSTALL]" time="0.000" /><testcase classname="tests.test_installer_hooks_iter17" name="test_macro_kills_backend_exe[NSIS_HOOK_PREUNINSTALL]" time="0.000" /><testcase classname="tests.test_installer_hooks_iter17" name="test_macro_uses_nsexec_for_each_taskkill[NSIS_HOOK_PREINSTALL]" time="0.000" /><testcase classname="tests.test_installer_hooks_iter17" name="test_macro_uses_nsexec_for_each_taskkill[NSIS_HOOK_PREUNINSTALL]" time="0.000" /><testcase classname="tests.test_installer_hooks_iter17" name="test_macro_sleeps_after_taskkill[NSIS_HOOK_PREINSTALL]" time="0.000" /><testcase classname="tests.test_installer_hooks_iter17" name="test_macro_sleeps_after_taskkill[NSIS_HOOK_PREUNINSTALL]" time="0.000" /><testcase classname="tests.test_installer_hooks_iter17" name="test_tauri_conf_is_valid_json" time="0.000" /><testcase classname="tests.test_installer_hooks_iter17" name="test_tauri_conf_version_preserved" time="0.000" /><testcase classname="tests.test_installer_hooks_iter17" name="test_tauri_conf_product_name" time="0.000" /><testcase classname="tests.test_installer_hooks_iter17" name="test_tauri_conf_external_bin_backend" time="0.000" /><testcase classname="tests.test_installer_hooks_iter17" name="test_tauri_conf_installer_hooks_wired" time="0.000" /><testcase classname="tests.test_installer_hooks_iter17" name="test_tauri_conf_install_mode_permachine" time="0.000" /><testcase classname="tests.test_installer_hooks_iter17" name="test_installer_hooks_path_resolves_from_src_tauri" time="0.000" /><testcase classname="tests.test_installer_hooks_iter17" name="test_nsh_exe_names_match_tauri_output" time="0.001" /><testcase classname="tests.test_installer_hooks_iter17" name="test_prd_documents_installer_kill_invariant" time="0.000" /><testcase classname="tests.test_installer_hooks_iter17" name="test_backend_api_smoke" time="0.278" /></testsuite></testsuites>