<?xml version="1.0" encoding="utf-8"?><testsuites name="pytest tests"><testsuite name="pytest" errors="0" failures="0" skipped="0" tests="17" time="0.319" timestamp="2026-06-25T00:28:37.263585+00:00" hostname="agent-env-5a8e7664-b91b-492e-8e06-21d85bc805b9"><testcase classname="tests.test_release_flow_simplified_iter23.TestRetiredWorkflowsDeleted" name="test_auto_tag_yml_deleted" time="0.000" /><testcase classname="tests.test_release_flow_simplified_iter23.TestRetiredWorkflowsDeleted" name="test_ci_tauri_check_yml_deleted" time="0.000" /><testcase classname="tests.test_release_flow_simplified_iter23.TestReleaseYmlIntact" name="test_release_yml_exists" time="0.000" /><testcase classname="tests.test_release_flow_simplified_iter23.TestReleaseYmlIntact" name="test_release_yml_parses_as_yaml" time="0.016" /><testcase classname="tests.test_release_flow_simplified_iter23.TestReleaseYmlIntact" name="test_release_yml_triggers_on_v32_and_v33_tags" time="0.007" /><testcase classname="tests.test_release_flow_simplified_iter23.TestReleaseYmlIntact" name="test_release_yml_has_verify_release_assets_gate" time="0.007" /><testcase classname="tests.test_release_flow_simplified_iter23.TestReleaseYmlIntact" name="test_release_yml_build_tauri_has_75_minute_timeout" time="0.007" /><testcase classname="tests.test_release_flow_simplified_iter23.TestLibRsSimplified" name="test_job_object_code_is_stripped" time="0.000" /><testcase classname="tests.test_release_flow_simplified_iter23.TestLibRsSimplified" name="test_exit_requested_clean_shutdown_preserved" time="0.000" /><testcase classname="tests.test_release_flow_simplified_iter23.TestCargoTomlClean" name="test_no_windows_sys_dependency" time="0.000" /><testcase classname="tests.test_release_flow_simplified_iter23.TestCargoTomlClean" name="test_cargo_toml_parses" time="0.002" /><testcase classname="tests.test_release_flow_simplified_iter23.TestVersionsPinned" name="test_backend_version_txt" time="0.000" /><testcase classname="tests.test_release_flow_simplified_iter23.TestVersionsPinned" name="test_tauri_conf_version" time="0.000" /><testcase classname="tests.test_release_flow_simplified_iter23.TestPRDLocksInDirective" name="test_release_flow_section_present" time="0.000" /><testcase classname="tests.test_release_flow_simplified_iter23.TestPRDLocksInDirective" name="test_sidecar_lifecycle_simplified" time="0.000" /><testcase classname="tests.test_release_flow_simplified_iter23.TestPRDLocksInDirective" name="test_no_instructions_to_recreate_retired_workflows" time="0.002" /><testcase classname="tests.test_release_flow_simplified_iter23.TestBackendSmoke" name="test_api_root_returns_200" time="0.196" /></testsuite></testsuites>