<?xml version="1.0" encoding="utf-8"?><testsuites name="pytest tests"><testsuite name="pytest" errors="0" failures="0" skipped="0" tests="15" time="0.624" timestamp="2026-06-24T12:59:08.931356+00:00" hostname="agent-env-5a8e7664-b91b-492e-8e06-21d85bc805b9"><testcase classname="tests.test_launcher_persistence_iter19.TestFrozenSetsConfigEnv" name="test_sets_bighat_config_path" time="0.008" /><testcase classname="tests.test_launcher_persistence_iter19.TestFrozenSetsConfigEnv" name="test_sets_bighat_data_root" time="0.003" /><testcase classname="tests.test_launcher_persistence_iter19.TestFrozenSetsConfigEnv" name="test_config_path_is_outside_backend_dir" time="0.002" /><testcase classname="tests.test_launcher_persistence_iter19.TestFrozenRespectsOverride" name="test_explicit_config_path_wins" time="0.002" /><testcase classname="tests.test_launcher_persistence_iter19.TestFrozenRespectsOverride" name="test_explicit_data_root_wins" time="0.002" /><testcase classname="tests.test_launcher_persistence_iter19.TestFrozenRespectsOverride" name="test_partial_override_other_var_still_defaulted" time="0.002" /><testcase classname="tests.test_launcher_persistence_iter19.TestDevModeUnchanged" name="test_dev_mode_does_not_set_config_path" time="0.002" /><testcase classname="tests.test_launcher_persistence_iter19.TestDevModeUnchanged" name="test_dev_mode_does_not_set_data_root" time="0.002" /><testcase classname="tests.test_launcher_persistence_iter19.TestDevModeUnchanged" name="test_dev_mode_sys_frozen_false_explicit" time="0.002" /><testcase classname="tests.test_launcher_persistence_iter19.TestUserDataDirCreated" name="test_user_data_dir_created_in_frozen_mode" time="0.002" /><testcase classname="tests.test_launcher_persistence_iter19.TestUserDataDirCreated" name="test_config_path_parent_writable" time="0.002" /><testcase classname="tests.test_launcher_persistence_iter19.TestEndToEndPersistence" name="test_setup_state_survives_restart" time="0.188" /><testcase classname="tests.test_launcher_persistence_iter19.TestEndToEndPersistence" name="test_paths_under_data_root_use_user_data_dir" time="0.003" /><testcase classname="tests.test_launcher_persistence_iter19.TestPRDDocumentation" name="test_prd_contains_new_section" time="0.001" /><testcase classname="tests.test_launcher_persistence_iter19.TestBackendHealthy" name="test_api_root_200" time="0.366" /></testsuite></testsuites>