<?xml version="1.0" encoding="utf-8"?><testsuites name="pytest tests"><testsuite name="pytest" errors="0" failures="0" skipped="0" tests="17" time="1.167" timestamp="2026-06-25T01:06:53.776556+00:00" hostname="agent-env-5a8e7664-b91b-492e-8e06-21d85bc805b9"><testcase classname="tests.test_license_restore_iter24.TestMintManualKeyParam" name="test_signature_accepts_optional_key" time="0.071" /><testcase classname="tests.test_license_restore_iter24.TestMintManualKeyParam" name="test_key_none_generates_fresh" time="0.181" /><testcase classname="tests.test_license_restore_iter24.TestMintManualKeyParam" name="test_key_provided_is_inserted_verbatim" time="0.057" /><testcase classname="tests.test_license_restore_iter24.TestMintManualKeyParam" name="test_existing_email_merge_path_preserved" time="0.046" /><testcase classname="tests.test_license_restore_iter24.TestRestoreEndpoint" name="test_restore_requires_admin_auth" time="0.071" /><testcase classname="tests.test_license_restore_iter24.TestRestoreEndpoint" name="test_restore_inserts_new_key_and_email" time="0.063" /><testcase classname="tests.test_license_restore_iter24.TestRestoreEndpoint" name="test_restore_idempotent_when_key_already_in_db" time="0.065" /><testcase classname="tests.test_license_restore_iter24.TestRestoreEndpoint" name="test_restore_409_when_email_has_different_key" time="0.064" /><testcase classname="tests.test_license_restore_iter24.TestRestoreEndpoint" name="test_restore_sends_no_email" time="0.058" /><testcase classname="tests.test_license_restore_iter24.TestRestoreEndpoint" name="test_restore_default_note_contains_restored" time="0.027" /><testcase classname="tests.test_license_restore_iter24.TestRestoreEndpoint" name="test_restore_preserves_entitlement_flags" time="0.027" /><testcase classname="tests.test_license_restore_iter24.TestExistingAdminEndpointsStillWork" name="test_keys_mint_still_generates_new_key" time="0.027" /><testcase classname="tests.test_license_restore_iter24.TestExistingAdminEndpointsStillWork" name="test_keys_revoke_still_works" time="0.065" /><testcase classname="tests.test_license_restore_iter24.TestExistingAdminEndpointsStillWork" name="test_keys_resend_email_still_works" time="0.030" /><testcase classname="tests.test_license_restore_iter24.TestBackendSmoke" name="test_api_root_returns_200" time="0.227" /><testcase classname="tests.test_license_restore_iter24.TestPRDSections" name="test_recovery_section_present" time="0.000" /><testcase classname="tests.test_license_restore_iter24.TestPRDSections" name="test_release_flow_section_preserved" time="0.000" /></testsuite></testsuites>