<?xml version="1.0" encoding="utf-8"?><testsuites name="pytest tests"><testsuite name="pytest" errors="0" failures="0" skipped="0" tests="9" time="2.279" timestamp="2026-06-28T00:37:20.307487+00:00" hostname="agent-env-5a8e7664-b91b-492e-8e06-21d85bc805b9"><testcase classname="tests.test_locations_live_iter27.TestAuthContract" name="test_no_auth_returns_401" time="0.291" /><testcase classname="tests.test_locations_live_iter27.TestAuthContract" name="test_master_can_list" time="0.458" /><testcase classname="tests.test_locations_live_iter27.TestRegressionEndpoints" name="test_native_info_returns_version" time="0.109" /><testcase classname="tests.test_locations_live_iter27.TestRegressionEndpoints" name="test_roundmaker_rounds_returns_200" time="0.104" /><testcase classname="tests.test_locations_live_iter27.TestLocationLifecycle" name="test_create_location" time="0.137" /><testcase classname="tests.test_locations_live_iter27.TestLocationLifecycle" name="test_get_then_rename" time="0.315" /><testcase classname="tests.test_locations_live_iter27.TestLocationLifecycle" name="test_upload_png_then_raw_then_delete" time="0.469" /><testcase classname="tests.test_locations_live_iter27.TestLocationLifecycle" name="test_pdf_upload_rejected" time="0.121" /><testcase classname="tests.test_locations_live_iter27.TestLocationLifecycle" name="test_delete_location" time="0.201" /></testsuite></testsuites>