<?xml version="1.0" encoding="utf-8"?><testsuites name="pytest tests"><testsuite name="pytest" errors="0" failures="0" skipped="0" tests="24" time="2.700" timestamp="2026-05-04T13:14:12.670721+00:00" hostname="agent-env-5a8e7664-b91b-492e-8e06-21d85bc805b9"><testcase classname="backend.tests.test_phase5_scoreboard_native.TestStatus" name="test_status_shape_native_local" time="0.306" /><testcase classname="backend.tests.test_phase5_scoreboard_native.TestSharepointLocal" name="test_files_lists_seeded" time="0.048" /><testcase classname="backend.tests.test_phase5_scoreboard_native.TestSharepointLocal" name="test_sync_writes_db" time="0.105" /><testcase classname="backend.tests.test_phase5_scoreboard_native.TestSharepointLocal" name="test_file_content_path_with_space" time="0.051" /><testcase classname="backend.tests.test_phase5_scoreboard_native.TestSharepointLocal" name="test_path_traversal_blocked" time="0.045" /><testcase classname="backend.tests.test_phase5_scoreboard_native.TestPresetsCRUD" name="test_roundtrip" time="0.289" /><testcase classname="backend.tests.test_phase5_scoreboard_native.TestTournamentsCRUD" name="test_roundtrip_and_advance" time="0.413" /><testcase classname="backend.tests.test_phase5_scoreboard_native.TestPremiumGateOff" name="test_generate_video_empty_body_402" time="0.046" /><testcase classname="backend.tests.test_phase5_scoreboard_native.TestPremiumGateOff" name="test_exports_upload_402" time="0.112" /><testcase classname="backend.tests.test_phase5_scoreboard_native.TestPremiumGateOff" name="test_image_to_video_402" time="0.103" /><testcase classname="backend.tests.test_phase5_scoreboard_native.TestReadsStillWorkOff" name="test_read[/scoreboard/scores]" time="0.057" /><testcase classname="backend.tests.test_phase5_scoreboard_native.TestReadsStillWorkOff" name="test_read[/scoreboard/tournaments]" time="0.056" /><testcase classname="backend.tests.test_phase5_scoreboard_native.TestReadsStillWorkOff" name="test_read[/scoreboard/presets]" time="0.045" /><testcase classname="backend.tests.test_phase5_scoreboard_native.TestReadsStillWorkOff" name="test_read[/scoreboard/status]" time="0.051" /><testcase classname="backend.tests.test_phase5_scoreboard_native.TestPremiumGateOn" name="test_toggle_cycle" time="0.302" /><testcase classname="backend.tests.test_phase5_scoreboard_native.TestRegression" name="test_read_200[/native/info]" time="0.076" /><testcase classname="backend.tests.test_phase5_scoreboard_native.TestRegression" name="test_read_200[/trivia/hosts]" time="0.057" /><testcase classname="backend.tests.test_phase5_scoreboard_native.TestRegression" name="test_read_200[/trivia/round-files/reg]" time="0.046" /><testcase classname="backend.tests.test_phase5_scoreboard_native.TestRegression" name="test_read_200[/roundmaker/sharepoint-status]" time="0.048" /><testcase classname="backend.tests.test_phase5_scoreboard_native.TestRegression" name="test_read_200[/story-generator/status]" time="0.091" /><testcase classname="backend.tests.test_phase5_scoreboard_native.TestRegression" name="test_read_200[/venues]" time="0.049" /><testcase classname="backend.tests.test_phase5_scoreboard_native.TestRegression" name="test_read_200[/events]" time="0.059" /><testcase classname="backend.tests.test_phase5_scoreboard_native.TestRegression" name="test_roundmaker_reports_local" time="0.052" /><testcase classname="backend.tests.test_phase5_scoreboard_native.TestRegression" name="test_story_generator_unavailable_sub_off" time="0.093" /></testsuite></testsuites>