<?xml version="1.0" encoding="utf-8"?><testsuites name="pytest tests"><testsuite name="pytest" errors="0" failures="0" skipped="0" tests="58" time="5.559" timestamp="2026-05-04T13:04:00.677152+00:00" hostname="agent-env-5a8e7664-b91b-492e-8e06-21d85bc805b9"><testcase classname="backend.tests.test_phase2_trivia_native.TestAuthAndNativeBoot" name="test_native_info_reports_native_mode" time="0.129" /><testcase classname="backend.tests.test_phase2_trivia_native.TestAuthAndNativeBoot" name="test_login_master_admin" time="0.500" /><testcase classname="backend.tests.test_phase2_trivia_native.TestAuthAndNativeBoot" name="test_auth_me_returns_master_admin" time="0.550" /><testcase classname="backend.tests.test_phase2_trivia_native.TestTriviaLocalAssets" name="test_endpoint_returns_nonempty_array[/api/trivia/hosts]" time="0.048" /><testcase classname="backend.tests.test_phase2_trivia_native.TestTriviaLocalAssets" name="test_endpoint_returns_nonempty_array[/api/trivia/locations]" time="0.048" /><testcase classname="backend.tests.test_phase2_trivia_native.TestTriviaLocalAssets" name="test_endpoint_returns_nonempty_array[/api/trivia/sponsors]" time="0.047" /><testcase classname="backend.tests.test_phase2_trivia_native.TestTriviaLocalAssets" name="test_endpoint_returns_nonempty_array[/api/trivia/rounds/mc]" time="0.050" /><testcase classname="backend.tests.test_phase2_trivia_native.TestTriviaLocalAssets" name="test_endpoint_returns_nonempty_array[/api/trivia/rounds/reg]" time="0.047" /><testcase classname="backend.tests.test_phase2_trivia_native.TestTriviaLocalAssets" name="test_endpoint_returns_nonempty_array[/api/trivia/round-files/mc]" time="0.050" /><testcase classname="backend.tests.test_phase2_trivia_native.TestTriviaLocalAssets" name="test_endpoint_returns_nonempty_array[/api/trivia/round-files/reg]" time="0.046" /><testcase classname="backend.tests.test_phase2_trivia_native.TestTriviaLocalAssets" name="test_endpoint_returns_array_maybe_empty[/api/trivia/rounds]" time="0.049" /><testcase classname="backend.tests.test_phase2_trivia_native.TestTriviaLocalAssets" name="test_endpoint_returns_array_maybe_empty[/api/trivia/rounds/misc]" time="0.044" /><testcase classname="backend.tests.test_phase2_trivia_native.TestTriviaLocalAssets" name="test_endpoint_returns_array_maybe_empty[/api/trivia/rounds/mys]" time="0.045" /><testcase classname="backend.tests.test_phase2_trivia_native.TestTriviaLocalAssets" name="test_endpoint_returns_array_maybe_empty[/api/trivia/rounds/big]" time="0.048" /><testcase classname="backend.tests.test_phase2_trivia_native.TestTriviaLocalAssets" name="test_rounds_union_contains_mc_and_reg" time="0.046" /><testcase classname="backend.tests.test_phase2_trivia_native.TestPresentationCRUD" name="test_full_crud_cycle" time="0.246" /><testcase classname="backend.tests.test_phase2_trivia_native.TestTriviaViewerList" name="test_viewer_list_returns_array" time="0.048" /><testcase classname="backend.tests.test_phase2_trivia_native.TestGridFSShim" name="test_slides_metadata_endpoint" time="0.379" /><testcase classname="backend.tests.test_phase2_trivia_native.TestGridFSShim" name="test_slides_endpoint_returns_original" time="0.049" /><testcase classname="backend.tests.test_phase2_trivia_native.TestGridFSShim" name="test_chunk_endpoint" time="0.049" /><testcase classname="backend.tests.test_phase2_trivia_native.TestGridFSShim" name="test_clear_cache_resets_metadata" time="0.202" /><testcase classname="backend.tests.test_phase2_trivia_native.TestPremiumGate" name="test_toggle_on_then_off_and_local_still_served" time="0.180" /><testcase classname="backend.tests.test_phase2_trivia_native.TestScheduleRegression" name="test_get_venues" time="0.054" /><testcase classname="backend.tests.test_phase2_trivia_native.TestScheduleRegression" name="test_event_crud" time="0.239" /><testcase classname="backend.tests.test_phase2_trivia_native.TestNativeFoundation" name="test_endpoint_ok[/api/native/info]" time="0.044" /><testcase classname="backend.tests.test_phase2_trivia_native.TestNativeFoundation" name="test_endpoint_ok[/api/native/setup/status]" time="0.046" /><testcase classname="backend.tests.test_phase2_trivia_native.TestNativeFoundation" name="test_endpoint_ok[/api/native/license]" time="0.046" /><testcase classname="backend.tests.test_phase2_trivia_native.TestNativeFoundation" name="test_endpoint_ok[/api/native/hwid]" time="0.044" /><testcase classname="backend.tests.test_phase2_trivia_native.TestNativeFoundation" name="test_endpoint_ok[/api/native/subscription]" time="0.045" /><testcase classname="backend.tests.test_phase2_trivia_native.TestSQLiteCollectionsOnDisk" name="test_collection_file_exists[events.collection]" time="0.001" /><testcase classname="backend.tests.test_phase2_trivia_native.TestSQLiteCollectionsOnDisk" name="test_collection_file_exists[venues.collection]" time="0.000" /><testcase classname="backend.tests.test_phase2_trivia_native.TestSQLiteCollectionsOnDisk" name="test_collection_file_exists[employees.collection]" time="0.001" /><testcase classname="backend.tests.test_phase2_trivia_native.TestSQLiteCollectionsOnDisk" name="test_collection_file_exists[users.collection]" time="0.001" /><testcase classname="backend.tests.test_phase2_trivia_native.TestSQLiteCollectionsOnDisk" name="test_collection_file_exists[login_attempts.collection]" time="0.001" /><testcase classname="backend.tests.test_phase2_trivia_native.TestSQLiteCollectionsOnDisk" name="test_collection_file_exists[venue_pricing.collection]" time="0.000" /><testcase classname="backend.tests.test_phase2_trivia_native.TestSQLiteCollectionsOnDisk" name="test_collection_file_exists[presentations.collection]" time="0.001" /><testcase classname="backend.tests.test_phase2_trivia_native.TestSQLiteCollectionsOnDisk" name="test_gridfs_collections_exist_after_seed" time="0.000" /><testcase classname="backend.tests.test_phase3_roundmaker_native.TestSharepointStatus" name="test_local_mode_status" time="0.600" /><testcase classname="backend.tests.test_phase3_roundmaker_native.TestRegTitleImages" name="test_payload_shape" time="0.043" /><testcase classname="backend.tests.test_phase3_roundmaker_native.TestRegTitleImages" name="test_seeded_titles_present" time="0.000" /><testcase classname="backend.tests.test_phase3_roundmaker_native.TestRegTitleImages" name="test_item_ids_are_relative_local_paths" time="0.000" /><testcase classname="backend.tests.test_phase3_roundmaker_native.TestRegTitleImagePreview" name="test_preview_returns_png_bytes" time="0.099" /><testcase classname="backend.tests.test_phase3_roundmaker_native.TestRegDownloadTitleImage" name="test_download_copies_to_uploads" time="0.096" /><testcase classname="backend.tests.test_phase3_roundmaker_native.TestMcNextName" name="test_returns_200_in_local_mode" time="0.048" /><testcase classname="backend.tests.test_phase3_roundmaker_native.TestRoundTrip" name="test_get_rounds_includes_created" time="0.159" /><testcase classname="backend.tests.test_phase3_roundmaker_native.TestRoundTrip" name="test_generate_returns_pptx" time="0.203" /><testcase classname="backend.tests.test_phase3_roundmaker_native.TestRoundTrip" name="test_upload_sharepoint_publishes_locally" time="0.112" /><testcase classname="backend.tests.test_phase3_roundmaker_native.TestRoundTrip" name="test_round_files_reg_includes_published" time="0.054" /><testcase classname="backend.tests.test_phase3_roundmaker_native.TestRoundTrip" name="test_reg_next_number_increments_for_synthetic_category" time="0.098" /><testcase classname="backend.tests.test_phase3_roundmaker_native.TestPremiumGateSanity" name="test_subscription_default_off_then_local_still_serves" time="0.140" /><testcase classname="backend.tests.test_phase3_roundmaker_native.TestRegression" name="test_endpoint_200_list[/api/trivia/hosts]" time="0.050" /><testcase classname="backend.tests.test_phase3_roundmaker_native.TestRegression" name="test_endpoint_200_list[/api/trivia/locations]" time="0.052" /><testcase classname="backend.tests.test_phase3_roundmaker_native.TestRegression" name="test_endpoint_200_list[/api/trivia/sponsors]" time="0.046" /><testcase classname="backend.tests.test_phase3_roundmaker_native.TestRegression" name="test_endpoint_200_list[/api/trivia/rounds]" time="0.047" /><testcase classname="backend.tests.test_phase3_roundmaker_native.TestRegression" name="test_endpoint_200_list[/api/venues]" time="0.048" /><testcase classname="backend.tests.test_phase3_roundmaker_native.TestRegression" name="test_endpoint_200_list[/api/events]" time="0.049" /><testcase classname="backend.tests.test_phase3_roundmaker_native.TestRegression" name="test_slides_metadata_for_unknown_id" time="0.047" /><testcase classname="backend.tests.test_phase3_roundmaker_native.TestRegression" name="test_presentations_list_endpoint" time="0.048" /></testsuite></testsuites>