<?xml version="1.0" encoding="utf-8"?><testsuites name="pytest tests"><testsuite name="pytest" errors="0" failures="1" skipped="0" tests="26" time="3.640" timestamp="2026-05-04T13:01:23.135953+00:00" hostname="agent-env-5a8e7664-b91b-492e-8e06-21d85bc805b9"><testcase classname="backend.tests.test_phase6_story_generator_native.TestStatus" name="test_status_off_native_mode" time="0.359" /><testcase classname="backend.tests.test_phase6_story_generator_native.TestStatus" name="test_status_on" time="0.096" /><testcase classname="backend.tests.test_phase6_story_generator_native.TestGateOff" name="test_mutating_returns_402[POST-/api/story-generator/generate/fake-id-xyz-None]" time="0.095" /><testcase classname="backend.tests.test_phase6_story_generator_native.TestGateOff" name="test_mutating_returns_402[POST-/api/story-generator/preview/fake-id-xyz-None]" time="0.099" /><testcase classname="backend.tests.test_phase6_story_generator_native.TestGateOff" name="test_mutating_returns_402[POST-/api/story-generator/assemble-video-body2]" time="0.099" /><testcase classname="backend.tests.test_phase6_story_generator_native.TestGateOff" name="test_mutating_returns_402[POST-/api/story-generator/convert-webm-body3]" time="0.108" /><testcase classname="backend.tests.test_phase6_story_generator_native.TestGateOff" name="test_mutating_returns_402[POST-/api/story-generator/generate-event-video-body4]" time="0.112"><failure message="AssertionError: POST /api/story-generator/generate-event-video expected 402 got 200: {&quot;success&quot;:true,&quot;jobId&quot;:&quot;2112e857&quot;,&quot;statusUrl&quot;:&quot;/api/story-generator/job-status/2112e857&quot;}&#10;assert 200 == 402&#10; +  where 200 = &lt;Response [200]&gt;.status_code">backend/tests/test_phase6_story_generator_native.py:154: in test_mutating_returns_402
    assert r.status_code == 402, (
E   AssertionError: POST /api/story-generator/generate-event-video expected 402 got 200: {"success":true,"jobId":"2112e857","statusUrl":"/api/story-generator/job-status/2112e857"}
E   assert 200 == 402
E    +  where 200 = &lt;Response [200]&gt;.status_code</failure></testcase><testcase classname="backend.tests.test_phase6_story_generator_native.TestGateOff" name="test_mutating_returns_402[POST-/api/story-generator/event-preview-body5]" time="0.120" /><testcase classname="backend.tests.test_phase6_story_generator_native.TestGateOff" name="test_mutating_returns_402[DELETE-/api/story-generator/asset/test/test-None]" time="0.100" /><testcase classname="backend.tests.test_phase6_story_generator_native.TestGateOff" name="test_upload_asset_returns_402" time="0.155" /><testcase classname="backend.tests.test_phase6_story_generator_native.TestReadFree" name="test_read_never_402[/api/story-generator/presentations]" time="0.098" /><testcase classname="backend.tests.test_phase6_story_generator_native.TestReadFree" name="test_read_never_402[/api/story-generator/assets]" time="0.099" /><testcase classname="backend.tests.test_phase6_story_generator_native.TestReadFree" name="test_read_never_402[/api/story-generator/job-status/nonexistent-job-id]" time="0.117" /><testcase classname="backend.tests.test_phase6_story_generator_native.TestGateOn" name="test_generate_returns_404_not_402" time="0.092" /><testcase classname="backend.tests.test_phase6_story_generator_native.TestGateOn" name="test_preview_returns_404_not_402" time="0.125" /><testcase classname="backend.tests.test_phase6_story_generator_native.TestGateOn" name="test_convert_webm_no_longer_402" time="0.114" /><testcase classname="backend.tests.test_phase6_story_generator_native.TestToggleImmediate" name="test_off_then_on_then_off" time="0.920" /><testcase classname="backend.tests.test_phase6_story_generator_native.TestPerFeature" name="test_story_on_sharepoint_off" time="0.141" /><testcase classname="backend.tests.test_phase6_story_generator_native.TestRegression" name="test_regression_no_crash[/api/native/info]" time="0.059" /><testcase classname="backend.tests.test_phase6_story_generator_native.TestRegression" name="test_regression_no_crash[/api/venues]" time="0.055" /><testcase classname="backend.tests.test_phase6_story_generator_native.TestRegression" name="test_regression_no_crash[/api/events]" time="0.047" /><testcase classname="backend.tests.test_phase6_story_generator_native.TestRegression" name="test_regression_no_crash[/api/trivia/hosts]" time="0.049" /><testcase classname="backend.tests.test_phase6_story_generator_native.TestRegression" name="test_regression_no_crash[/api/trivia/round-files/reg]" time="0.056" /><testcase classname="backend.tests.test_phase6_story_generator_native.TestRegression" name="test_regression_no_crash[/api/presentations?userName=master@bighat.local]" time="0.049" /><testcase classname="backend.tests.test_phase6_story_generator_native.TestRegression" name="test_regression_no_crash[/api/roundmaker/sharepoint-status]" time="0.055" /><testcase classname="backend.tests.test_phase6_story_generator_native.TestRegression" name="test_regression_no_crash[/api/trivia-import/slides-metadata/nonexistent]" time="0.107" /></testsuite></testsuites>