<?xml version="1.0" encoding="utf-8"?><testsuites name="pytest tests"><testsuite name="pytest" errors="0" failures="0" skipped="0" tests="30" time="5.657" timestamp="2026-05-04T13:52:22.067714+00:00" hostname="agent-env-5a8e7664-b91b-492e-8e06-21d85bc805b9"><testcase classname="backend.tests.test_phase8_admin_native.TestRouterMounted" name="test_unauth_returns_401_not_404" time="0.222" /><testcase classname="backend.tests.test_phase8_admin_native.TestListUsers" name="test_master_can_list_users" time="0.571" /><testcase classname="backend.tests.test_phase8_admin_native.TestListUsers" name="test_whoami" time="0.059" /><testcase classname="backend.tests.test_phase8_admin_native.TestValidation" name="test_invalid_role_422" time="0.049" /><testcase classname="backend.tests.test_phase8_admin_native.TestValidation" name="test_invalid_email_422" time="0.077" /><testcase classname="backend.tests.test_phase8_admin_native.TestValidation" name="test_short_password_422" time="0.056" /><testcase classname="backend.tests.test_phase8_admin_native.TestSubAdminFlow" name="test_create_subadmin_and_role_gating" time="0.999" /><testcase classname="backend.tests.test_phase8_admin_native.TestSubAdminFlow" name="test_duplicate_email_409" time="0.351" /><testcase classname="backend.tests.test_phase8_admin_native.TestUpdateUser" name="test_promote_demote_and_password_reset" time="1.272" /><testcase classname="backend.tests.test_phase8_admin_native.TestUpdateUser" name="test_cannot_delete_master" time="0.093" /><testcase classname="backend.tests.test_phase8_admin_native.TestUpdateUser" name="test_cannot_demote_master" time="0.103" /><testcase classname="backend.tests.test_phase8_admin_native.TestLicenseSeats" name="test_list_seats_shape" time="0.050" /><testcase classname="backend.tests.test_phase8_admin_native.TestLicenseSeats" name="test_rename_seat_label" time="0.114" /><testcase classname="backend.tests.test_phase8_admin_native.TestLicenseSeats" name="test_revoke_current_device_blocked" time="0.124" /><testcase classname="backend.tests.test_phase8_admin_native.TestLicenseSeats" name="test_revoke_unknown_seat_404" time="0.049" /><testcase classname="backend.tests.test_phase8_admin_native.TestTournamentValidation" name="test_team_count_mismatch_422" time="0.060" /><testcase classname="backend.tests.test_phase8_admin_native.TestTournamentValidation" name="test_valid_tournament_4_teams" time="0.107" /><testcase classname="backend.tests.test_phase8_admin_native.TestTournamentValidation" name="test_empty_teams_preseeded_ok" time="0.107" /><testcase classname="backend.tests.test_phase8_admin_native.TestTournamentAdvance" name="test_empty_body_422" time="0.045" /><testcase classname="backend.tests.test_phase8_admin_native.TestTournamentAdvance" name="test_advance_real_tournament_200" time="0.171" /><testcase classname="backend.tests.test_phase8_admin_native.TestRegression" name="test_public_endpoint_200[/api/native/info]" time="0.047" /><testcase classname="backend.tests.test_phase8_admin_native.TestRegression" name="test_public_endpoint_200[/api/native/sync/status]" time="0.049" /><testcase classname="backend.tests.test_phase8_admin_native.TestRegression" name="test_public_endpoint_200[/api/story-generator/status]" time="0.071" /><testcase classname="backend.tests.test_phase8_admin_native.TestRegression" name="test_public_endpoint_200[/api/scoreboard/status]" time="0.055" /><testcase classname="backend.tests.test_phase8_admin_native.TestRegression" name="test_public_endpoint_200[/api/trivia/hosts]" time="0.061" /><testcase classname="backend.tests.test_phase8_admin_native.TestRegression" name="test_public_endpoint_200[/api/trivia/round-files/reg]" time="0.057" /><testcase classname="backend.tests.test_phase8_admin_native.TestRegression" name="test_public_endpoint_200[/api/roundmaker/sharepoint-status]" time="0.062" /><testcase classname="backend.tests.test_phase8_admin_native.TestRegression" name="test_public_endpoint_200[/api/venues]" time="0.056" /><testcase classname="backend.tests.test_phase8_admin_native.TestRegression" name="test_public_endpoint_200[/api/events]" time="0.054" /><testcase classname="backend.tests.test_phase8_admin_native.TestZCleanupVerification" name="test_no_extra_users_left" time="0.362" /></testsuite></testsuites>