<?xml version="1.0" encoding="utf-8"?><testsuites name="pytest tests"><testsuite name="pytest" errors="0" failures="1" skipped="0" tests="29" time="4.625" timestamp="2026-05-04T14:21:25.728869+00:00" hostname="agent-env-5a8e7664-b91b-492e-8e06-21d85bc805b9"><testcase classname="backend.tests.test_phase9_packaging.TestLauncherCheck" name="test_check_exits_zero_and_prints_expected_lines" time="0.275" /><testcase classname="backend.tests.test_phase9_packaging.TestLauncherCheck" name="test_check_custom_port_appears_in_output" time="0.273" /><testcase classname="backend.tests.test_phase9_packaging.TestLauncherBoot" name="test_launcher_serves_health_native_info_then_dies" time="1.829" /><testcase classname="backend.tests.test_phase9_packaging.TestLauncherBoot" name="test_launcher_with_port_already_in_use_fails_fast" time="1.374" /><testcase classname="backend.tests.test_phase9_packaging.TestSpaStaticBundle" name="test_root_returns_index_html_with_title" time="0.006" /><testcase classname="backend.tests.test_phase9_packaging.TestSpaStaticBundle" name="test_spa_deep_link_returns_index_html" time="0.002" /><testcase classname="backend.tests.test_phase9_packaging.TestSpaStaticBundle" name="test_api_route_not_shadowed_by_spa" time="0.002" /><testcase classname="backend.tests.test_phase9_packaging.TestSpaStaticBundle" name="test_health_still_json" time="0.002" /><testcase classname="backend.tests.test_phase9_packaging.TestSpaStaticBundle" name="test_unknown_api_route_returns_404_not_index" time="0.002" /><testcase classname="backend.tests.test_phase9_packaging.TestStaticAssets" name="test_css_asset_served_200" time="0.003" /><testcase classname="backend.tests.test_phase9_packaging.TestStaticAssets" name="test_js_asset_served_200" time="0.005" /><testcase classname="backend.tests.test_phase9_packaging.TestBuildManifest" name="test_manifest_present_and_well_formed" time="0.000" /><testcase classname="backend.tests.test_phase9_packaging.TestBuildOrchestrator" name="test_help_lists_three_flags" time="0.034" /><testcase classname="backend.tests.test_phase9_packaging.TestBuildOrchestrator" name="test_no_frontend_preserves_index_html" time="0.036" /><testcase classname="backend.tests.test_phase9_packaging.TestAdvanceMatchNotFound" name="test_unknown_match_id_returns_404_with_prefix" time="0.463" /><testcase classname="backend.tests.test_phase9_packaging.TestAdvanceMatchNotFound" name="test_real_match_id_advances_200" time="0.003"><failure message="AssertionError: no matches generated in bracket_state: {}&#10;assert {}">backend/tests/test_phase9_packaging.py:302: in test_real_match_id_advances_200
    assert matches, f"no matches generated in bracket_state: {bracket}"
E   AssertionError: no matches generated in bracket_state: {}
E   assert {}</failure></testcase><testcase classname="backend.tests.test_phase9_packaging.TestAdminRouterResolver" name="test_module_attrs" time="0.169" /><testcase classname="backend.tests.test_phase9_packaging.TestAdminRouterResolver" name="test_setter_round_trip" time="0.000" /><testcase classname="backend.tests.test_phase9_packaging.TestPackagingArtifacts" name="test_files_exist_and_non_empty" time="0.000" /><testcase classname="backend.tests.test_phase9_packaging.TestPackagingArtifacts" name="test_vbs_headers_and_install_root_literal" time="0.000" /><testcase classname="backend.tests.test_phase9_packaging.TestPublicRegression" name="test_endpoint_status[/api/native/info-allowed0]" time="0.003" /><testcase classname="backend.tests.test_phase9_packaging.TestPublicRegression" name="test_endpoint_status[/api/native/sync/status-allowed1]" time="0.003" /><testcase classname="backend.tests.test_phase9_packaging.TestPublicRegression" name="test_endpoint_status[/api/native/admin/whoami-allowed2]" time="0.002" /><testcase classname="backend.tests.test_phase9_packaging.TestPublicRegression" name="test_endpoint_status[/api/story-generator/status-allowed3]" time="0.002" /><testcase classname="backend.tests.test_phase9_packaging.TestPublicRegression" name="test_endpoint_status[/api/scoreboard/status-allowed4]" time="0.003" /><testcase classname="backend.tests.test_phase9_packaging.TestPublicRegression" name="test_endpoint_status[/api/trivia/hosts-allowed5]" time="0.002" /><testcase classname="backend.tests.test_phase9_packaging.TestPublicRegression" name="test_endpoint_status[/api/venues-allowed6]" time="0.002" /><testcase classname="backend.tests.test_phase9_packaging.TestPublicRegression" name="test_endpoint_status[/api/events-allowed7]" time="0.004" /><testcase classname="backend.tests.test_phase9_packaging.TestPublicRegression" name="test_endpoint_status[/api/roundmaker/sharepoint-status-allowed8]" time="0.007" /></testsuite></testsuites>