<?xml version="1.0" encoding="utf-8"?><testsuites name="pytest tests"><testsuite name="pytest" errors="0" failures="0" skipped="0" tests="130" time="16.078" timestamp="2026-05-04T13:52:33.086000+00:00" hostname="agent-env-5a8e7664-b91b-492e-8e06-21d85bc805b9"><testcase classname="backend.tests.test_phase2_trivia_native.TestAuthAndNativeBoot" name="test_native_info_reports_native_mode" time="0.167" /><testcase classname="backend.tests.test_phase2_trivia_native.TestAuthAndNativeBoot" name="test_login_master_admin" time="0.509" /><testcase classname="backend.tests.test_phase2_trivia_native.TestAuthAndNativeBoot" name="test_auth_me_returns_master_admin" time="0.597" /><testcase classname="backend.tests.test_phase2_trivia_native.TestTriviaLocalAssets" name="test_endpoint_returns_nonempty_array[/api/trivia/hosts]" time="0.071" /><testcase classname="backend.tests.test_phase2_trivia_native.TestTriviaLocalAssets" name="test_endpoint_returns_nonempty_array[/api/trivia/locations]" time="0.060" /><testcase classname="backend.tests.test_phase2_trivia_native.TestTriviaLocalAssets" name="test_endpoint_returns_nonempty_array[/api/trivia/sponsors]" time="0.068" /><testcase classname="backend.tests.test_phase2_trivia_native.TestTriviaLocalAssets" name="test_endpoint_returns_nonempty_array[/api/trivia/rounds/mc]" time="0.061" /><testcase classname="backend.tests.test_phase2_trivia_native.TestTriviaLocalAssets" name="test_endpoint_returns_nonempty_array[/api/trivia/rounds/reg]" time="0.055" /><testcase classname="backend.tests.test_phase2_trivia_native.TestTriviaLocalAssets" name="test_endpoint_returns_nonempty_array[/api/trivia/round-files/mc]" time="0.059" /><testcase classname="backend.tests.test_phase2_trivia_native.TestTriviaLocalAssets" name="test_endpoint_returns_nonempty_array[/api/trivia/round-files/reg]" time="0.063" /><testcase classname="backend.tests.test_phase2_trivia_native.TestTriviaLocalAssets" name="test_endpoint_returns_array_maybe_empty[/api/trivia/rounds]" time="0.057" /><testcase classname="backend.tests.test_phase2_trivia_native.TestTriviaLocalAssets" name="test_endpoint_returns_array_maybe_empty[/api/trivia/rounds/misc]" time="0.055" /><testcase classname="backend.tests.test_phase2_trivia_native.TestTriviaLocalAssets" name="test_endpoint_returns_array_maybe_empty[/api/trivia/rounds/mys]" time="0.059" /><testcase classname="backend.tests.test_phase2_trivia_native.TestTriviaLocalAssets" name="test_endpoint_returns_array_maybe_empty[/api/trivia/rounds/big]" time="0.053" /><testcase classname="backend.tests.test_phase2_trivia_native.TestTriviaLocalAssets" name="test_rounds_union_contains_mc_and_reg" time="0.054" /><testcase classname="backend.tests.test_phase2_trivia_native.TestPresentationCRUD" name="test_full_crud_cycle" time="0.287" /><testcase classname="backend.tests.test_phase2_trivia_native.TestTriviaViewerList" name="test_viewer_list_returns_array" time="0.057" /><testcase classname="backend.tests.test_phase2_trivia_native.TestGridFSShim" name="test_slides_metadata_endpoint" time="0.414" /><testcase classname="backend.tests.test_phase2_trivia_native.TestGridFSShim" name="test_slides_endpoint_returns_original" time="0.060" /><testcase classname="backend.tests.test_phase2_trivia_native.TestGridFSShim" name="test_chunk_endpoint" time="0.067" /><testcase classname="backend.tests.test_phase2_trivia_native.TestGridFSShim" name="test_clear_cache_resets_metadata" time="0.264" /><testcase classname="backend.tests.test_phase2_trivia_native.TestPremiumGate" name="test_toggle_on_then_off_and_local_still_served" time="0.223" /><testcase classname="backend.tests.test_phase2_trivia_native.TestScheduleRegression" name="test_get_venues" time="0.055" /><testcase classname="backend.tests.test_phase2_trivia_native.TestScheduleRegression" name="test_event_crud" time="0.303" /><testcase classname="backend.tests.test_phase2_trivia_native.TestNativeFoundation" name="test_endpoint_ok[/api/native/info]" time="0.054" /><testcase classname="backend.tests.test_phase2_trivia_native.TestNativeFoundation" name="test_endpoint_ok[/api/native/setup/status]" time="0.053" /><testcase classname="backend.tests.test_phase2_trivia_native.TestNativeFoundation" name="test_endpoint_ok[/api/native/license]" time="0.065" /><testcase classname="backend.tests.test_phase2_trivia_native.TestNativeFoundation" name="test_endpoint_ok[/api/native/hwid]" time="0.059" /><testcase classname="backend.tests.test_phase2_trivia_native.TestNativeFoundation" name="test_endpoint_ok[/api/native/subscription]" time="0.056" /><testcase classname="backend.tests.test_phase2_trivia_native.TestSQLiteCollectionsOnDisk" name="test_collection_file_exists[events.collection]" time="0.000" /><testcase classname="backend.tests.test_phase2_trivia_native.TestSQLiteCollectionsOnDisk" name="test_collection_file_exists[venues.collection]" time="0.000" /><testcase classname="backend.tests.test_phase2_trivia_native.TestSQLiteCollectionsOnDisk" name="test_collection_file_exists[employees.collection]" time="0.000" /><testcase classname="backend.tests.test_phase2_trivia_native.TestSQLiteCollectionsOnDisk" name="test_collection_file_exists[users.collection]" time="0.000" /><testcase classname="backend.tests.test_phase2_trivia_native.TestSQLiteCollectionsOnDisk" name="test_collection_file_exists[login_attempts.collection]" time="0.001" /><testcase classname="backend.tests.test_phase2_trivia_native.TestSQLiteCollectionsOnDisk" name="test_collection_file_exists[venue_pricing.collection]" time="0.001" /><testcase classname="backend.tests.test_phase2_trivia_native.TestSQLiteCollectionsOnDisk" name="test_collection_file_exists[presentations.collection]" time="0.000" /><testcase classname="backend.tests.test_phase2_trivia_native.TestSQLiteCollectionsOnDisk" name="test_gridfs_collections_exist_after_seed" time="0.000" /><testcase classname="backend.tests.test_phase3_roundmaker_native.TestSharepointStatus" name="test_local_mode_status" time="0.626" /><testcase classname="backend.tests.test_phase3_roundmaker_native.TestRegTitleImages" name="test_payload_shape" time="0.057" /><testcase classname="backend.tests.test_phase3_roundmaker_native.TestRegTitleImages" name="test_seeded_titles_present" time="0.000" /><testcase classname="backend.tests.test_phase3_roundmaker_native.TestRegTitleImages" name="test_item_ids_are_relative_local_paths" time="0.000" /><testcase classname="backend.tests.test_phase3_roundmaker_native.TestRegTitleImagePreview" name="test_preview_returns_png_bytes" time="0.121" /><testcase classname="backend.tests.test_phase3_roundmaker_native.TestRegDownloadTitleImage" name="test_download_copies_to_uploads" time="0.112" /><testcase classname="backend.tests.test_phase3_roundmaker_native.TestMcNextName" name="test_returns_200_in_local_mode" time="0.067" /><testcase classname="backend.tests.test_phase3_roundmaker_native.TestRoundTrip" name="test_get_rounds_includes_created" time="0.183" /><testcase classname="backend.tests.test_phase3_roundmaker_native.TestRoundTrip" name="test_generate_returns_pptx" time="0.218" /><testcase classname="backend.tests.test_phase3_roundmaker_native.TestRoundTrip" name="test_upload_sharepoint_publishes_locally" time="0.126" /><testcase classname="backend.tests.test_phase3_roundmaker_native.TestRoundTrip" name="test_round_files_reg_includes_published" time="0.057" /><testcase classname="backend.tests.test_phase3_roundmaker_native.TestRoundTrip" name="test_reg_next_number_increments_for_synthetic_category" time="0.114" /><testcase classname="backend.tests.test_phase3_roundmaker_native.TestPremiumGateSanity" name="test_subscription_default_off_then_local_still_serves" time="0.159" /><testcase classname="backend.tests.test_phase3_roundmaker_native.TestRegression" name="test_endpoint_200_list[/api/trivia/hosts]" time="0.051" /><testcase classname="backend.tests.test_phase3_roundmaker_native.TestRegression" name="test_endpoint_200_list[/api/trivia/locations]" time="0.054" /><testcase classname="backend.tests.test_phase3_roundmaker_native.TestRegression" name="test_endpoint_200_list[/api/trivia/sponsors]" time="0.059" /><testcase classname="backend.tests.test_phase3_roundmaker_native.TestRegression" name="test_endpoint_200_list[/api/trivia/rounds]" time="0.056" /><testcase classname="backend.tests.test_phase3_roundmaker_native.TestRegression" name="test_endpoint_200_list[/api/venues]" time="0.055" /><testcase classname="backend.tests.test_phase3_roundmaker_native.TestRegression" name="test_endpoint_200_list[/api/events]" time="0.056" /><testcase classname="backend.tests.test_phase3_roundmaker_native.TestRegression" name="test_slides_metadata_for_unknown_id" time="0.055" /><testcase classname="backend.tests.test_phase3_roundmaker_native.TestRegression" name="test_presentations_list_endpoint" time="0.068" /><testcase classname="backend.tests.test_phase5_scoreboard_native.TestStatus" name="test_status_shape_native_local" time="0.174" /><testcase classname="backend.tests.test_phase5_scoreboard_native.TestSharepointLocal" name="test_files_lists_seeded" time="0.048" /><testcase classname="backend.tests.test_phase5_scoreboard_native.TestSharepointLocal" name="test_sync_writes_db" time="0.106" /><testcase classname="backend.tests.test_phase5_scoreboard_native.TestSharepointLocal" name="test_file_content_path_with_space" time="0.045" /><testcase classname="backend.tests.test_phase5_scoreboard_native.TestSharepointLocal" name="test_path_traversal_blocked" time="0.048" /><testcase classname="backend.tests.test_phase5_scoreboard_native.TestPresetsCRUD" name="test_roundtrip" time="0.285" /><testcase classname="backend.tests.test_phase5_scoreboard_native.TestTournamentsCRUD" name="test_roundtrip_and_advance" time="0.469" /><testcase classname="backend.tests.test_phase5_scoreboard_native.TestPremiumGateOff" name="test_generate_video_empty_body_402" time="0.045" /><testcase classname="backend.tests.test_phase5_scoreboard_native.TestPremiumGateOff" name="test_exports_upload_402" time="0.125" /><testcase classname="backend.tests.test_phase5_scoreboard_native.TestPremiumGateOff" name="test_image_to_video_402" time="0.125" /><testcase classname="backend.tests.test_phase5_scoreboard_native.TestReadsStillWorkOff" name="test_read[/scoreboard/scores]" time="0.048" /><testcase classname="backend.tests.test_phase5_scoreboard_native.TestReadsStillWorkOff" name="test_read[/scoreboard/tournaments]" time="0.045" /><testcase classname="backend.tests.test_phase5_scoreboard_native.TestReadsStillWorkOff" name="test_read[/scoreboard/presets]" time="0.048" /><testcase classname="backend.tests.test_phase5_scoreboard_native.TestReadsStillWorkOff" name="test_read[/scoreboard/status]" time="0.052" /><testcase classname="backend.tests.test_phase5_scoreboard_native.TestPremiumGateOn" name="test_toggle_cycle" time="0.329" /><testcase classname="backend.tests.test_phase5_scoreboard_native.TestRegression" name="test_read_200[/native/info]" time="0.044" /><testcase classname="backend.tests.test_phase5_scoreboard_native.TestRegression" name="test_read_200[/trivia/hosts]" time="0.052" /><testcase classname="backend.tests.test_phase5_scoreboard_native.TestRegression" name="test_read_200[/trivia/round-files/reg]" time="0.046" /><testcase classname="backend.tests.test_phase5_scoreboard_native.TestRegression" name="test_read_200[/roundmaker/sharepoint-status]" time="0.043" /><testcase classname="backend.tests.test_phase5_scoreboard_native.TestRegression" name="test_read_200[/story-generator/status]" time="0.045" /><testcase classname="backend.tests.test_phase5_scoreboard_native.TestRegression" name="test_read_200[/venues]" time="0.051" /><testcase classname="backend.tests.test_phase5_scoreboard_native.TestRegression" name="test_read_200[/events]" time="0.047" /><testcase classname="backend.tests.test_phase5_scoreboard_native.TestRegression" name="test_roundmaker_reports_local" time="0.042" /><testcase classname="backend.tests.test_phase5_scoreboard_native.TestRegression" name="test_story_generator_unavailable_sub_off" time="0.129" /><testcase classname="backend.tests.test_phase6_story_generator_native.TestStatus" name="test_status_off_native_mode" time="0.207" /><testcase classname="backend.tests.test_phase6_story_generator_native.TestStatus" name="test_status_on" time="0.095" /><testcase classname="backend.tests.test_phase6_story_generator_native.TestGateOff" name="test_mutating_returns_402[POST-/api/story-generator/generate/fake-id-xyz-None]" time="0.104" /><testcase classname="backend.tests.test_phase6_story_generator_native.TestGateOff" name="test_mutating_returns_402[POST-/api/story-generator/preview/fake-id-xyz-None]" time="0.099" /><testcase classname="backend.tests.test_phase6_story_generator_native.TestGateOff" name="test_mutating_returns_402[POST-/api/story-generator/assemble-video-body2]" time="0.153" /><testcase classname="backend.tests.test_phase6_story_generator_native.TestGateOff" name="test_mutating_returns_402[POST-/api/story-generator/convert-webm-body3]" time="0.103" /><testcase classname="backend.tests.test_phase6_story_generator_native.TestGateOff" name="test_mutating_returns_402[POST-/api/story-generator/generate-event-video-body4]" time="0.112" /><testcase classname="backend.tests.test_phase6_story_generator_native.TestGateOff" name="test_mutating_returns_402[POST-/api/story-generator/event-preview-body5]" time="0.092" /><testcase classname="backend.tests.test_phase6_story_generator_native.TestGateOff" name="test_mutating_returns_402[DELETE-/api/story-generator/asset/test/test-None]" time="0.097" /><testcase classname="backend.tests.test_phase6_story_generator_native.TestGateOff" name="test_upload_asset_returns_402" time="0.144" /><testcase classname="backend.tests.test_phase6_story_generator_native.TestReadFree" name="test_read_never_402[/api/story-generator/presentations]" time="0.097" /><testcase classname="backend.tests.test_phase6_story_generator_native.TestReadFree" name="test_read_never_402[/api/story-generator/assets]" time="0.093" /><testcase classname="backend.tests.test_phase6_story_generator_native.TestReadFree" name="test_read_never_402[/api/story-generator/job-status/nonexistent-job-id]" time="0.091" /><testcase classname="backend.tests.test_phase6_story_generator_native.TestGateOn" name="test_generate_returns_404_not_402" time="0.095" /><testcase classname="backend.tests.test_phase6_story_generator_native.TestGateOn" name="test_preview_returns_404_not_402" time="0.089" /><testcase classname="backend.tests.test_phase6_story_generator_native.TestGateOn" name="test_convert_webm_no_longer_402" time="0.095" /><testcase classname="backend.tests.test_phase6_story_generator_native.TestToggleImmediate" name="test_off_then_on_then_off" time="0.284" /><testcase classname="backend.tests.test_phase6_story_generator_native.TestPerFeature" name="test_story_on_sharepoint_off" time="0.136" /><testcase classname="backend.tests.test_phase6_story_generator_native.TestRegression" name="test_regression_no_crash[/api/native/info]" time="0.048" /><testcase classname="backend.tests.test_phase6_story_generator_native.TestRegression" name="test_regression_no_crash[/api/venues]" time="0.053" /><testcase classname="backend.tests.test_phase6_story_generator_native.TestRegression" name="test_regression_no_crash[/api/events]" time="0.047" /><testcase classname="backend.tests.test_phase6_story_generator_native.TestRegression" name="test_regression_no_crash[/api/trivia/hosts]" time="0.055" /><testcase classname="backend.tests.test_phase6_story_generator_native.TestRegression" name="test_regression_no_crash[/api/trivia/round-files/reg]" time="0.053" /><testcase classname="backend.tests.test_phase6_story_generator_native.TestRegression" name="test_regression_no_crash[/api/presentations?userName=master@bighat.local]" time="0.052" /><testcase classname="backend.tests.test_phase6_story_generator_native.TestRegression" name="test_regression_no_crash[/api/roundmaker/sharepoint-status]" time="0.048" /><testcase classname="backend.tests.test_phase6_story_generator_native.TestRegression" name="test_regression_no_crash[/api/trivia-import/slides-metadata/nonexistent]" time="0.098" /><testcase classname="backend.tests.test_phase7_sync_native.TestStatusEndpoint" name="test_status_200_free" time="0.263" /><testcase classname="backend.tests.test_phase7_sync_native.TestPremiumGateOff" name="test_endpoint_402_when_off[plan]" time="0.227" /><testcase classname="backend.tests.test_phase7_sync_native.TestPremiumGateOff" name="test_endpoint_402_when_off[pull]" time="0.222" /><testcase classname="backend.tests.test_phase7_sync_native.TestPremiumGateOff" name="test_endpoint_402_when_off[push]" time="0.219" /><testcase classname="backend.tests.test_phase7_sync_native.TestPremiumGateOff" name="test_status_200_when_off" time="0.217" /><testcase classname="backend.tests.test_phase7_sync_native.TestPremiumOn" name="test_enable_premium_flips_status" time="0.287" /><testcase classname="backend.tests.test_phase7_sync_native.TestPullPushRoundTrip" name="test_plan_reports_add_for_seeded_fixture" time="0.224" /><testcase classname="backend.tests.test_phase7_sync_native.TestPullPushRoundTrip" name="test_pull_creates_file_locally" time="0.214" /><testcase classname="backend.tests.test_phase7_sync_native.TestPullPushRoundTrip" name="test_push_mirrors_local_only_to_fixture" time="0.286" /><testcase classname="backend.tests.test_phase7_sync_native.TestPullPushRoundTrip" name="test_plan_converges_after_round_trip" time="0.211" /><testcase classname="backend.tests.test_phase7_sync_native.TestSyncStatePersistence" name="test_status_has_last_pull_and_push" time="0.221" /><testcase classname="backend.tests.test_phase7_sync_native.TestDeleteMissing" name="test_pull_to_delete_lists_local_only_file" time="0.222" /><testcase classname="backend.tests.test_phase7_sync_native.TestPathTraversalSafety" name="test_traversal_does_not_leak_filesystem" time="0.208" /><testcase classname="backend.tests.test_phase7_sync_native.TestGateReengages" name="test_off_blocks_pull_after_having_been_on" time="0.457" /><testcase classname="backend.tests.test_phase7_sync_native.TestPreviousPhasesSpotCheck" name="test_endpoint_200[/api/native/info]" time="0.106" /><testcase classname="backend.tests.test_phase7_sync_native.TestPreviousPhasesSpotCheck" name="test_endpoint_200[/api/native/hwid]" time="0.143" /><testcase classname="backend.tests.test_phase7_sync_native.TestPreviousPhasesSpotCheck" name="test_endpoint_200[/api/native/license]" time="0.101" /><testcase classname="backend.tests.test_phase7_sync_native.TestPreviousPhasesSpotCheck" name="test_endpoint_200[/api/trivia/hosts]" time="0.102" /><testcase classname="backend.tests.test_phase7_sync_native.TestPreviousPhasesSpotCheck" name="test_endpoint_200[/api/trivia/round-files/reg]" time="0.108" /><testcase classname="backend.tests.test_phase7_sync_native.TestPreviousPhasesSpotCheck" name="test_endpoint_200[/api/roundmaker/sharepoint-status]" time="0.116" /><testcase classname="backend.tests.test_phase7_sync_native.TestPreviousPhasesSpotCheck" name="test_endpoint_200[/api/story-generator/status]" time="0.129" /><testcase classname="backend.tests.test_phase7_sync_native.TestPreviousPhasesSpotCheck" name="test_endpoint_200[/api/scoreboard/status]" time="0.228" /></testsuite></testsuites>