<?xml version="1.0" encoding="utf-8"?><testsuites name="pytest tests"><testsuite name="pytest" errors="0" failures="0" skipped="1" tests="26" time="4.076" timestamp="2026-05-04T18:00:21.621200+00:00" hostname="agent-env-5a8e7664-b91b-492e-8e06-21d85bc805b9"><testcase classname="backend.tests.test_phase4_bingo_native.TestBingoStatus" name="test_status_native_local_with_counts" time="0.264" /><testcase classname="backend.tests.test_phase4_bingo_native.TestAvailableDecades" name="test_local_listing_contains_seeded" time="0.068" /><testcase classname="backend.tests.test_phase4_bingo_native.TestSongLists" name="test_songlist_1970s_first_song" time="0.055" /><testcase classname="backend.tests.test_phase4_bingo_native.TestSongLists" name="test_songlist_1980s_first_song" time="0.057" /><testcase classname="backend.tests.test_phase4_bingo_native.TestSongLists" name="test_songlist_2000s_alias_404_y2k" time="0.050" /><testcase classname="backend.tests.test_phase4_bingo_native.TestSongLists" name="test_songlist_unknown_404_with_filename" time="0.050" /><testcase classname="backend.tests.test_phase4_bingo_native.TestBingoCardsListing" name="test_local_listing_categories" time="0.057" /><testcase classname="backend.tests.test_phase4_bingo_native.TestBingoCardDownload" name="test_download_standard_1970s" time="0.105" /><testcase classname="backend.tests.test_phase4_bingo_native.TestBingoCardDownload" name="test_download_standard_1980s" time="0.054" /><testcase classname="backend.tests.test_phase4_bingo_native.TestBingoCardDownload" name="test_download_senior_1970s" time="0.064" /><testcase classname="backend.tests.test_phase4_bingo_native.TestBingoCardDownload" name="test_download_special_pop_punk_emo_url_encoded" time="0.050" /><testcase classname="backend.tests.test_phase4_bingo_native.TestBingoCardDownload" name="test_download_unknown_decade_404" time="0.050" /><testcase classname="backend.tests.test_phase4_bingo_native.TestBingoCardDownload" name="test_download_invalid_category_400_or_404_not_500" time="0.080" /><testcase classname="backend.tests.test_phase4_bingo_native.TestMusicGameLifecycle" name="test_full_music_lifecycle" time="1.061" /><testcase classname="backend.tests.test_phase4_bingo_native.TestMusicGameLifecycle" name="test_volume_update" time="0.161" /><testcase classname="backend.tests.test_phase4_bingo_native.TestNumberGameLifecycle" name="test_call_number_no_duplicates_x10" time="1.095" /><testcase classname="backend.tests.test_phase4_bingo_native.TestNumberGameSpecPayloadOnly" name="test_spec_payload_only_create_and_call_number" time="0.158"><skipped type="pytest.xfail" message="BUG: Spec payload {mode:'number'} not mapped to bingo_type='traditional'; available_numbers stays empty so /call-number returns 400. Backend GameStateCreate ignores 'mode' field." /></testcase><testcase classname="backend.tests.test_phase4_bingo_native.TestRegressionPublicEndpoints" name="test_endpoint_200[/api/native/info]" time="0.051" /><testcase classname="backend.tests.test_phase4_bingo_native.TestRegressionPublicEndpoints" name="test_endpoint_200[/api/native/sync/status]" time="0.050" /><testcase classname="backend.tests.test_phase4_bingo_native.TestRegressionPublicEndpoints" name="test_endpoint_200[/api/scoreboard/status]" time="0.056" /><testcase classname="backend.tests.test_phase4_bingo_native.TestRegressionPublicEndpoints" name="test_endpoint_200[/api/story-generator/status]" time="0.053" /><testcase classname="backend.tests.test_phase4_bingo_native.TestRegressionPublicEndpoints" name="test_endpoint_200[/api/trivia/hosts]" time="0.050" /><testcase classname="backend.tests.test_phase4_bingo_native.TestRegressionPublicEndpoints" name="test_endpoint_200[/api/trivia/round-files/reg]" time="0.053" /><testcase classname="backend.tests.test_phase4_bingo_native.TestRegressionPublicEndpoints" name="test_endpoint_200[/api/roundmaker/sharepoint-status]" time="0.050" /><testcase classname="backend.tests.test_phase4_bingo_native.TestRegressionPublicEndpoints" name="test_endpoint_200[/api/venues]" time="0.051" /><testcase classname="backend.tests.test_phase4_bingo_native.TestRegressionPublicEndpoints" name="test_endpoint_200[/api/events]" time="0.052" /></testsuite></testsuites>