<?xml version="1.0" encoding="utf-8"?><testsuites name="pytest tests"><testsuite name="pytest" errors="4" failures="7" skipped="0" tests="25" time="0.436" timestamp="2026-06-24T12:59:14.524405+00:00" hostname="agent-env-5a8e7664-b91b-492e-8e06-21d85bc805b9"><testcase classname="tests.test_phase9_1_updates_native.TestStatus" name="test_status_200_and_shape" time="0.005" /><testcase classname="tests.test_phase9_1_updates_native.TestStatus" name="test_installed_version_matches_version_txt" time="0.004" /><testcase classname="tests.test_phase9_1_updates_native.TestNativeInfoVersion" name="test_info_version_from_version_txt" time="0.003" /><testcase classname="tests.test_phase9_1_updates_native.TestCheck" name="test_check_with_fixture_returns_update_available" time="0.004"><failure message="AssertionError: assert '32.0.0-alpha.11' == '31.0.0'&#10;  &#10;  - 31.0.0&#10;  + 32.0.0-alpha.11">E   AssertionError: assert '32.0.0-alpha.11' == '31.0.0'
      
      - 31.0.0
      + 32.0.0-alpha.11</failure></testcase><testcase classname="tests.test_phase9_1_updates_native.TestCheck" name="test_status_reflects_last_check" time="0.006" /><testcase classname="tests.test_phase9_1_updates_native.TestDownload" name="test_download_success" time="0.003"><failure message="AssertionError: assert None == '31.1.0'&#10; +  where None = &lt;built-in method get of dict object at 0xfeecdc24ea80&gt;('version')&#10; +    where &lt;built-in method get of dict object at 0xfeecdc24ea80&gt; = {}.get">E   AssertionError: assert None == '31.1.0'
     +  where None = &lt;built-in method get of dict object at 0xfeecdc24ea80&gt;('version')
     +    where &lt;built-in method get of dict object at 0xfeecdc24ea80&gt; = {}.get</failure></testcase><testcase classname="tests.test_phase9_1_updates_native.TestDownload" name="test_sha256_mismatch_returns_409" time="0.003"><failure message="AssertionError: {&quot;skipped&quot;:true,&quot;reason&quot;:&quot;no_update_available&quot;,&quot;installed_version&quot;:&quot;32.0.0-alpha.11&quot;,&quot;latest_version&quot;:&quot;31.1.0&quot;}&#10;assert 200 == 409&#10; +  where 200 = &lt;Response [200]&gt;.status_code">E   AssertionError: {"skipped":true,"reason":"no_update_available","installed_version":"32.0.0-alpha.11","latest_version":"31.1.0"}
    assert 200 == 409
     +  where 200 = &lt;Response [200]&gt;.status_code</failure></testcase><testcase classname="tests.test_phase9_1_updates_native.TestDownload" name="test_invalid_manifest_sha256_empty" time="0.003"><failure message="AssertionError: {&quot;skipped&quot;:true,&quot;reason&quot;:&quot;no_update_available&quot;,&quot;installed_version&quot;:&quot;32.0.0-alpha.11&quot;,&quot;latest_version&quot;:&quot;31.1.0&quot;}&#10;assert 200 == 409&#10; +  where 200 = &lt;Response [200]&gt;.status_code">E   AssertionError: {"skipped":true,"reason":"no_update_available","installed_version":"32.0.0-alpha.11","latest_version":"31.1.0"}
    assert 200 == 409
     +  where 200 = &lt;Response [200]&gt;.status_code</failure></testcase><testcase classname="tests.test_phase9_1_updates_native.TestDownload" name="test_invalid_manifest_sha256_short" time="0.003"><failure message="AssertionError: {&quot;skipped&quot;:true,&quot;reason&quot;:&quot;no_update_available&quot;,&quot;installed_version&quot;:&quot;32.0.0-alpha.11&quot;,&quot;latest_version&quot;:&quot;31.1.0&quot;}&#10;assert 200 == 409&#10; +  where 200 = &lt;Response [200]&gt;.status_code">E   AssertionError: {"skipped":true,"reason":"no_update_available","installed_version":"32.0.0-alpha.11","latest_version":"31.1.0"}
    assert 200 == 409
     +  where 200 = &lt;Response [200]&gt;.status_code</failure></testcase><testcase classname="tests.test_phase9_1_updates_native.TestDownload" name="test_download_skipped_when_uptodate" time="0.003" /><testcase classname="tests.test_phase9_1_updates_native.TestApply" name="test_apply_unauthenticated_returns_401" time="0.002" /><testcase classname="tests.test_phase9_1_updates_native.TestApply" name="test_apply_subadmin_returns_403" time="0.004"><error message="failed on setup with &quot;AssertionError: {&quot;detail&quot;:&quot;Invalid email or password&quot;}&#10;assert 401 == 200&#10; +  where 401 = &lt;Response [401]&gt;.status_code&quot;">E   AssertionError: {"detail":"Invalid email or password"}
    assert 401 == 200
     +  where 401 = &lt;Response [401]&gt;.status_code</error></testcase><testcase classname="tests.test_phase9_1_updates_native.TestApply" name="test_apply_master_success_and_marker" time="0.000"><error message="failed on setup with &quot;AssertionError: {&quot;detail&quot;:&quot;Invalid email or password&quot;}&#10;assert 401 == 200&#10; +  where 401 = &lt;Response [401]&gt;.status_code&quot;">E   AssertionError: {"detail":"Invalid email or password"}
    assert 401 == 200
     +  where 401 = &lt;Response [401]&gt;.status_code</error></testcase><testcase classname="tests.test_phase9_1_updates_native.TestApply" name="test_apply_nothing_staged_returns_409" time="0.000"><error message="failed on setup with &quot;AssertionError: {&quot;detail&quot;:&quot;Invalid email or password&quot;}&#10;assert 401 == 200&#10; +  where 401 = &lt;Response [401]&gt;.status_code&quot;">E   AssertionError: {"detail":"Invalid email or password"}
    assert 401 == 200
     +  where 401 = &lt;Response [401]&gt;.status_code</error></testcase><testcase classname="tests.test_phase9_1_updates_native.TestApply" name="test_apply_staged_bundle_missing_returns_409" time="0.000"><error message="failed on setup with &quot;AssertionError: {&quot;detail&quot;:&quot;Invalid email or password&quot;}&#10;assert 401 == 200&#10; +  where 401 = &lt;Response [401]&gt;.status_code&quot;">E   AssertionError: {"detail":"Invalid email or password"}
    assert 401 == 200
     +  where 401 = &lt;Response [401]&gt;.status_code</error></testcase><testcase classname="tests.test_phase9_1_updates_native.TestLauncherCheck" name="test_launcher_prints_installed_ver_and_pending_apply" time="0.293"><failure message="AssertionError: [launcher] backend_dir   = /app/backend&#10;  [launcher] listen        = 127.0.0.1:8001&#10;  [launcher] native_mode   = 1&#10;  [launcher] setup_complete= True&#10;  [launcher] instance_id   = ae2377a1-ec02-4b5a-941c-ebadaf7fe5ab&#10;  [launcher] paths         = {'data_root': '/app/backend/native/data', 'local_trivia': '/app/backend/native/data/trivia', 'assets': '/app/backend/native/data/assets', 'generated': '/app/backend/native/data/generated'}&#10;  [launcher] static_bundle = /app/backend/static (present=True)&#10;  [launcher] installed_ver = 32.0.0-alpha.11&#10;  [launcher] pending_apply= 31.1.0 (scheduled 2026-06-21T12:52:30.712836+00:00)&#10;  &#10;assert 'installed_ver = 31.0.0' in &quot;[launcher] backend_dir   = /app/backend\n[launcher] listen        = 127.0.0.1:8001\n[launcher] native_mode   = 1\n[launcher] setup_complete= True\n[launcher] instance_id   = ae2377a1-ec02-4b5a-941c-ebadaf7fe5ab\n[launcher] paths         = {'data_root': '/app/backend/native/data', 'local_trivia': '/app/backend/native/data/trivia', 'assets': '/app/backend/native/data/assets', 'generated': '/app/backend/native/data/generated'}\n[launcher] static_bundle = /app/backend/static (present=True)\n[launcher] installed_ver = 32.0.0-alpha.11\n[launcher] pending_apply= 31.1.0 (scheduled 2026-06-21T12:52:30.712836+00:00)\n&quot;">E   AssertionError: [launcher] backend_dir   = /app/backend
      [launcher] listen        = 127.0.0.1:8001
      [launcher] native_mode   = 1
      [launcher] setup_complete= True
      [launcher] instance_id   = ae2377a1-ec02-4b5a-941c-ebadaf7fe5ab
      [launcher] paths         = {'data_root': '/app/backend/native/data', 'local_trivia': '/app/backend/native/data/trivia', 'assets': '/app/backend/native/data/assets', 'generated': '/app/backend/native/data/generated'}
      [launcher] static_bundle = /app/backend/static (present=True)
      [launcher] installed_ver = 32.0.0-alpha.11
      [launcher] pending_apply= 31.1.0 (scheduled 2026-06-21T12:52:30.712836+00:00)
      
    assert 'installed_ver = 31.0.0' in "[launcher] backend_dir   = /app/backend\n[launcher] listen        = 127.0.0.1:8001\n[launcher] native_mode   = 1\n[launcher] setup_complete= True\n[launcher] instance_id   = ae2377a1-ec02-4b5a-941c-ebadaf7fe5ab\n[launcher] paths         = {'data_root': '/app/backend/native/data', 'local_trivia': '/app/backend/native/data/trivia', 'assets': '/app/backend/native/data/assets', 'generated': '/app/backend/native/data/generated'}\n[launcher] static_bundle = /app/backend/static (present=True)\n[launcher] installed_ver = 32.0.0-alpha.11\n[launcher] pending_apply= 31.1.0 (scheduled 2026-06-21T12:52:30.712836+00:00)\n"</failure></testcase><testcase classname="tests.test_phase9_1_updates_native.TestRegressionSpotChecks" name="test_endpoint[/api/native/info-allowed0]" time="0.003" /><testcase classname="tests.test_phase9_1_updates_native.TestRegressionSpotChecks" name="test_endpoint[/api/native/admin/whoami-allowed1]" time="0.002" /><testcase classname="tests.test_phase9_1_updates_native.TestRegressionSpotChecks" name="test_endpoint[/api/native/sync/status-allowed2]" time="0.003"><failure message="AssertionError: /api/native/sync/status -&gt; 404: {&quot;detail&quot;:&quot;not_found&quot;}&#10;assert 404 in {200, 401, 403}&#10; +  where 404 = &lt;Response [404]&gt;.status_code">E   AssertionError: /api/native/sync/status -&gt; 404: {"detail":"not_found"}
    assert 404 in {200, 401, 403}
     +  where 404 = &lt;Response [404]&gt;.status_code</failure></testcase><testcase classname="tests.test_phase9_1_updates_native.TestRegressionSpotChecks" name="test_endpoint[/api/scoreboard/status-allowed3]" time="0.005" /><testcase classname="tests.test_phase9_1_updates_native.TestRegressionSpotChecks" name="test_endpoint[/api/story-generator/status-allowed4]" time="0.003" /><testcase classname="tests.test_phase9_1_updates_native.TestRegressionSpotChecks" name="test_endpoint[/api/bingo/status-allowed5]" time="0.003" /><testcase classname="tests.test_phase9_1_updates_native.TestRegressionSpotChecks" name="test_endpoint[/api/trivia/hosts-allowed6]" time="0.003" /><testcase classname="tests.test_phase9_1_updates_native.TestRegressionSpotChecks" name="test_endpoint[/api/venues-allowed7]" time="0.003" /><testcase classname="tests.test_phase9_1_updates_native.TestRegressionSpotChecks" name="test_endpoint[/api/events-allowed8]" time="0.003" /></testsuite></testsuites>