<?xml version="1.0" encoding="utf-8"?><testsuites name="pytest tests"><testsuite name="pytest" errors="0" failures="0" skipped="0" tests="22" time="4.873" timestamp="2026-05-04T13:41:30.153079+00:00" hostname="agent-env-5a8e7664-b91b-492e-8e06-21d85bc805b9"><testcase classname="backend.tests.test_phase7_sync_native.TestStatusEndpoint" name="test_status_200_free" time="0.376" /><testcase classname="backend.tests.test_phase7_sync_native.TestPremiumGateOff" name="test_endpoint_402_when_off[plan]" time="0.280" /><testcase classname="backend.tests.test_phase7_sync_native.TestPremiumGateOff" name="test_endpoint_402_when_off[pull]" time="0.256" /><testcase classname="backend.tests.test_phase7_sync_native.TestPremiumGateOff" name="test_endpoint_402_when_off[push]" time="0.309" /><testcase classname="backend.tests.test_phase7_sync_native.TestPremiumGateOff" name="test_status_200_when_off" time="0.214" /><testcase classname="backend.tests.test_phase7_sync_native.TestPremiumOn" name="test_enable_premium_flips_status" time="0.212" /><testcase classname="backend.tests.test_phase7_sync_native.TestPullPushRoundTrip" name="test_plan_reports_add_for_seeded_fixture" time="0.226" /><testcase classname="backend.tests.test_phase7_sync_native.TestPullPushRoundTrip" name="test_pull_creates_file_locally" time="0.227" /><testcase classname="backend.tests.test_phase7_sync_native.TestPullPushRoundTrip" name="test_push_mirrors_local_only_to_fixture" time="0.231" /><testcase classname="backend.tests.test_phase7_sync_native.TestPullPushRoundTrip" name="test_plan_converges_after_round_trip" time="0.236" /><testcase classname="backend.tests.test_phase7_sync_native.TestSyncStatePersistence" name="test_status_has_last_pull_and_push" time="0.223" /><testcase classname="backend.tests.test_phase7_sync_native.TestDeleteMissing" name="test_pull_to_delete_lists_local_only_file" time="0.292" /><testcase classname="backend.tests.test_phase7_sync_native.TestPathTraversalSafety" name="test_traversal_does_not_leak_filesystem" time="0.219" /><testcase classname="backend.tests.test_phase7_sync_native.TestGateReengages" name="test_off_blocks_pull_after_having_been_on" time="0.452" /><testcase classname="backend.tests.test_phase7_sync_native.TestPreviousPhasesSpotCheck" name="test_endpoint_200[/api/native/info]" time="0.120" /><testcase classname="backend.tests.test_phase7_sync_native.TestPreviousPhasesSpotCheck" name="test_endpoint_200[/api/native/hwid]" time="0.113" /><testcase classname="backend.tests.test_phase7_sync_native.TestPreviousPhasesSpotCheck" name="test_endpoint_200[/api/native/license]" time="0.107" /><testcase classname="backend.tests.test_phase7_sync_native.TestPreviousPhasesSpotCheck" name="test_endpoint_200[/api/trivia/hosts]" time="0.110" /><testcase classname="backend.tests.test_phase7_sync_native.TestPreviousPhasesSpotCheck" name="test_endpoint_200[/api/trivia/round-files/reg]" time="0.107" /><testcase classname="backend.tests.test_phase7_sync_native.TestPreviousPhasesSpotCheck" name="test_endpoint_200[/api/roundmaker/sharepoint-status]" time="0.125" /><testcase classname="backend.tests.test_phase7_sync_native.TestPreviousPhasesSpotCheck" name="test_endpoint_200[/api/story-generator/status]" time="0.122" /><testcase classname="backend.tests.test_phase7_sync_native.TestPreviousPhasesSpotCheck" name="test_endpoint_200[/api/scoreboard/status]" time="0.228" /></testsuite></testsuites>