<?xml version="1.0" encoding="utf-8"?><testsuites name="pytest tests"><testsuite name="pytest" errors="0" failures="0" skipped="0" tests="21" time="2.234" timestamp="2026-05-04T07:08:54.203001+00:00" hostname="agent-env-5a8e7664-b91b-492e-8e06-21d85bc805b9"><testcase classname="backend.tests.test_phase3_roundmaker_native.TestSharepointStatus" name="test_local_mode_status" time="0.743" /><testcase classname="backend.tests.test_phase3_roundmaker_native.TestRegTitleImages" name="test_payload_shape" time="0.047" /><testcase classname="backend.tests.test_phase3_roundmaker_native.TestRegTitleImages" name="test_seeded_titles_present" time="0.000" /><testcase classname="backend.tests.test_phase3_roundmaker_native.TestRegTitleImages" name="test_item_ids_are_relative_local_paths" time="0.000" /><testcase classname="backend.tests.test_phase3_roundmaker_native.TestRegTitleImagePreview" name="test_preview_returns_png_bytes" time="0.094" /><testcase classname="backend.tests.test_phase3_roundmaker_native.TestRegDownloadTitleImage" name="test_download_copies_to_uploads" time="0.090" /><testcase classname="backend.tests.test_phase3_roundmaker_native.TestMcNextName" name="test_returns_200_in_local_mode" time="0.048" /><testcase classname="backend.tests.test_phase3_roundmaker_native.TestRoundTrip" name="test_get_rounds_includes_created" time="0.147" /><testcase classname="backend.tests.test_phase3_roundmaker_native.TestRoundTrip" name="test_generate_returns_pptx" time="0.202" /><testcase classname="backend.tests.test_phase3_roundmaker_native.TestRoundTrip" name="test_upload_sharepoint_publishes_locally" time="0.120" /><testcase classname="backend.tests.test_phase3_roundmaker_native.TestRoundTrip" name="test_round_files_reg_includes_published" time="0.047" /><testcase classname="backend.tests.test_phase3_roundmaker_native.TestRoundTrip" name="test_reg_next_number_increments_for_synthetic_category" time="0.101" /><testcase classname="backend.tests.test_phase3_roundmaker_native.TestPremiumGateSanity" name="test_subscription_default_off_then_local_still_serves" time="0.134" /><testcase classname="backend.tests.test_phase3_roundmaker_native.TestRegression" name="test_endpoint_200_list[/api/trivia/hosts]" time="0.047" /><testcase classname="backend.tests.test_phase3_roundmaker_native.TestRegression" name="test_endpoint_200_list[/api/trivia/locations]" time="0.046" /><testcase classname="backend.tests.test_phase3_roundmaker_native.TestRegression" name="test_endpoint_200_list[/api/trivia/sponsors]" time="0.044" /><testcase classname="backend.tests.test_phase3_roundmaker_native.TestRegression" name="test_endpoint_200_list[/api/trivia/rounds]" time="0.047" /><testcase classname="backend.tests.test_phase3_roundmaker_native.TestRegression" name="test_endpoint_200_list[/api/venues]" time="0.044" /><testcase classname="backend.tests.test_phase3_roundmaker_native.TestRegression" name="test_endpoint_200_list[/api/events]" time="0.046" /><testcase classname="backend.tests.test_phase3_roundmaker_native.TestRegression" name="test_slides_metadata_for_unknown_id" time="0.045" /><testcase classname="backend.tests.test_phase3_roundmaker_native.TestRegression" name="test_presentations_list_endpoint" time="0.045" /></testsuite></testsuites>