<?xml version="1.0" encoding="utf-8"?><testsuites name="pytest tests"><testsuite name="pytest" errors="0" failures="0" skipped="0" tests="25" time="4.237" timestamp="2026-05-04T19:05:02.503041+00:00" hostname="agent-env-5a8e7664-b91b-492e-8e06-21d85bc805b9"><testcase classname="backend.tests.test_phase9_1_updates_native.TestStatus" name="test_status_200_and_shape" time="0.005" /><testcase classname="backend.tests.test_phase9_1_updates_native.TestStatus" name="test_installed_version_matches_version_txt" time="0.004" /><testcase classname="backend.tests.test_phase9_1_updates_native.TestNativeInfoVersion" name="test_info_version_from_version_txt" time="0.003" /><testcase classname="backend.tests.test_phase9_1_updates_native.TestCheck" name="test_check_with_fixture_returns_update_available" time="0.009" /><testcase classname="backend.tests.test_phase9_1_updates_native.TestCheck" name="test_status_reflects_last_check" time="0.011" /><testcase classname="backend.tests.test_phase9_1_updates_native.TestDownload" name="test_download_success" time="0.008" /><testcase classname="backend.tests.test_phase9_1_updates_native.TestDownload" name="test_sha256_mismatch_returns_409" time="0.004" /><testcase classname="backend.tests.test_phase9_1_updates_native.TestDownload" name="test_invalid_manifest_sha256_empty" time="0.003" /><testcase classname="backend.tests.test_phase9_1_updates_native.TestDownload" name="test_invalid_manifest_sha256_short" time="0.002" /><testcase classname="backend.tests.test_phase9_1_updates_native.TestDownload" name="test_download_skipped_when_uptodate" time="0.002" /><testcase classname="backend.tests.test_phase9_1_updates_native.TestApply" name="test_apply_unauthenticated_returns_401" time="0.002" /><testcase classname="backend.tests.test_phase9_1_updates_native.TestApply" name="test_apply_subadmin_returns_403" time="1.146" /><testcase classname="backend.tests.test_phase9_1_updates_native.TestApply" name="test_apply_master_success_and_marker" time="0.019" /><testcase classname="backend.tests.test_phase9_1_updates_native.TestApply" name="test_apply_nothing_staged_returns_409" time="1.192" /><testcase classname="backend.tests.test_phase9_1_updates_native.TestApply" name="test_apply_staged_bundle_missing_returns_409" time="1.381" /><testcase classname="backend.tests.test_phase9_1_updates_native.TestLauncherCheck" name="test_launcher_prints_installed_ver_and_pending_apply" time="0.318" /><testcase classname="backend.tests.test_phase9_1_updates_native.TestRegressionSpotChecks" name="test_endpoint[/api/native/info-allowed0]" time="0.004" /><testcase classname="backend.tests.test_phase9_1_updates_native.TestRegressionSpotChecks" name="test_endpoint[/api/native/admin/whoami-allowed1]" time="0.004" /><testcase classname="backend.tests.test_phase9_1_updates_native.TestRegressionSpotChecks" name="test_endpoint[/api/native/sync/status-allowed2]" time="0.006" /><testcase classname="backend.tests.test_phase9_1_updates_native.TestRegressionSpotChecks" name="test_endpoint[/api/scoreboard/status-allowed3]" time="0.007" /><testcase classname="backend.tests.test_phase9_1_updates_native.TestRegressionSpotChecks" name="test_endpoint[/api/story-generator/status-allowed4]" time="0.004" /><testcase classname="backend.tests.test_phase9_1_updates_native.TestRegressionSpotChecks" name="test_endpoint[/api/bingo/status-allowed5]" time="0.003" /><testcase classname="backend.tests.test_phase9_1_updates_native.TestRegressionSpotChecks" name="test_endpoint[/api/trivia/hosts-allowed6]" time="0.003" /><testcase classname="backend.tests.test_phase9_1_updates_native.TestRegressionSpotChecks" name="test_endpoint[/api/venues-allowed7]" time="0.003" /><testcase classname="backend.tests.test_phase9_1_updates_native.TestRegressionSpotChecks" name="test_endpoint[/api/events-allowed8]" time="0.019" /></testsuite></testsuites>