<?xml version="1.0" encoding="utf-8"?><testsuites name="pytest tests"><testsuite name="pytest" errors="0" failures="0" skipped="0" tests="26" time="2.902" timestamp="2026-05-04T13:03:44.505604+00:00" hostname="agent-env-5a8e7664-b91b-492e-8e06-21d85bc805b9"><testcase classname="backend.tests.test_phase6_story_generator_native.TestStatus" name="test_status_off_native_mode" time="0.298" /><testcase classname="backend.tests.test_phase6_story_generator_native.TestStatus" name="test_status_on" time="0.096" /><testcase classname="backend.tests.test_phase6_story_generator_native.TestGateOff" name="test_mutating_returns_402[POST-/api/story-generator/generate/fake-id-xyz-None]" time="0.099" /><testcase classname="backend.tests.test_phase6_story_generator_native.TestGateOff" name="test_mutating_returns_402[POST-/api/story-generator/preview/fake-id-xyz-None]" time="0.108" /><testcase classname="backend.tests.test_phase6_story_generator_native.TestGateOff" name="test_mutating_returns_402[POST-/api/story-generator/assemble-video-body2]" time="0.096" /><testcase classname="backend.tests.test_phase6_story_generator_native.TestGateOff" name="test_mutating_returns_402[POST-/api/story-generator/convert-webm-body3]" time="0.103" /><testcase classname="backend.tests.test_phase6_story_generator_native.TestGateOff" name="test_mutating_returns_402[POST-/api/story-generator/generate-event-video-body4]" time="0.096" /><testcase classname="backend.tests.test_phase6_story_generator_native.TestGateOff" name="test_mutating_returns_402[POST-/api/story-generator/event-preview-body5]" time="0.107" /><testcase classname="backend.tests.test_phase6_story_generator_native.TestGateOff" name="test_mutating_returns_402[DELETE-/api/story-generator/asset/test/test-None]" time="0.096" /><testcase classname="backend.tests.test_phase6_story_generator_native.TestGateOff" name="test_upload_asset_returns_402" time="0.154" /><testcase classname="backend.tests.test_phase6_story_generator_native.TestReadFree" name="test_read_never_402[/api/story-generator/presentations]" time="0.106" /><testcase classname="backend.tests.test_phase6_story_generator_native.TestReadFree" name="test_read_never_402[/api/story-generator/assets]" time="0.098" /><testcase classname="backend.tests.test_phase6_story_generator_native.TestReadFree" name="test_read_never_402[/api/story-generator/job-status/nonexistent-job-id]" time="0.103" /><testcase classname="backend.tests.test_phase6_story_generator_native.TestGateOn" name="test_generate_returns_404_not_402" time="0.098" /><testcase classname="backend.tests.test_phase6_story_generator_native.TestGateOn" name="test_preview_returns_404_not_402" time="0.104" /><testcase classname="backend.tests.test_phase6_story_generator_native.TestGateOn" name="test_convert_webm_no_longer_402" time="0.099" /><testcase classname="backend.tests.test_phase6_story_generator_native.TestToggleImmediate" name="test_off_then_on_then_off" time="0.306" /><testcase classname="backend.tests.test_phase6_story_generator_native.TestPerFeature" name="test_story_on_sharepoint_off" time="0.162" /><testcase classname="backend.tests.test_phase6_story_generator_native.TestRegression" name="test_regression_no_crash[/api/native/info]" time="0.071" /><testcase classname="backend.tests.test_phase6_story_generator_native.TestRegression" name="test_regression_no_crash[/api/venues]" time="0.062" /><testcase classname="backend.tests.test_phase6_story_generator_native.TestRegression" name="test_regression_no_crash[/api/events]" time="0.049" /><testcase classname="backend.tests.test_phase6_story_generator_native.TestRegression" name="test_regression_no_crash[/api/trivia/hosts]" time="0.062" /><testcase classname="backend.tests.test_phase6_story_generator_native.TestRegression" name="test_regression_no_crash[/api/trivia/round-files/reg]" time="0.049" /><testcase classname="backend.tests.test_phase6_story_generator_native.TestRegression" name="test_regression_no_crash[/api/presentations?userName=master@bighat.local]" time="0.047" /><testcase classname="backend.tests.test_phase6_story_generator_native.TestRegression" name="test_regression_no_crash[/api/roundmaker/sharepoint-status]" time="0.060" /><testcase classname="backend.tests.test_phase6_story_generator_native.TestRegression" name="test_regression_no_crash[/api/trivia-import/slides-metadata/nonexistent]" time="0.100" /></testsuite></testsuites>