<?xml version="1.0" encoding="utf-8"?><testsuites name="pytest tests"><testsuite name="pytest" errors="0" failures="0" skipped="0" tests="25" time="1.280" timestamp="2026-06-23T20:54:07.835467+00:00" hostname="agent-env-5a8e7664-b91b-492e-8e06-21d85bc805b9"><testcase classname="tests.test_post_merge_verification_iter14.TestBackendHealth" name="test_root_api_returns_200" time="0.196" /><testcase classname="tests.test_post_merge_verification_iter14.TestVersionSanity" name="test_version_txt_matches_expected" time="0.000" /><testcase classname="tests.test_post_merge_verification_iter14.TestVersionSanity" name="test_tauri_conf_version_matches_expected" time="0.000" /><testcase classname="tests.test_post_merge_verification_iter14.TestVersionSanity" name="test_native_info_reports_acceptable_version" time="0.066" /><testcase classname="tests.test_post_merge_verification_iter14.TestVersionSanity" name="test_version_files_internally_consistent" time="0.000" /><testcase classname="tests.test_post_merge_verification_iter14.TestFilesFolder" name="test_folder_endpoint" time="0.045" /><testcase classname="tests.test_post_merge_verification_iter14.TestFilesList" name="test_list_returns_expected_shape" time="0.040" /><testcase classname="tests.test_post_merge_verification_iter14.TestFilesList" name="test_listed_files_have_required_fields" time="0.082" /><testcase classname="tests.test_post_merge_verification_iter14.TestFilesUploadDownloadDelete" name="test_01_upload" time="0.043" /><testcase classname="tests.test_post_merge_verification_iter14.TestFilesUploadDownloadDelete" name="test_02_listed_after_upload" time="0.042" /><testcase classname="tests.test_post_merge_verification_iter14.TestFilesUploadDownloadDelete" name="test_03_download" time="0.054" /><testcase classname="tests.test_post_merge_verification_iter14.TestFilesUploadDownloadDelete" name="test_04_delete" time="0.041" /><testcase classname="tests.test_post_merge_verification_iter14.TestFilesUploadDownloadDelete" name="test_05_download_after_delete_is_404" time="0.044" /><testcase classname="tests.test_post_merge_verification_iter14.TestFilesValidation" name="test_upload_rejects_non_bighat_extension" time="0.042" /><testcase classname="tests.test_post_merge_verification_iter14.TestFilesValidation" name="test_download_path_traversal_rejected" time="0.043" /><testcase classname="tests.test_post_merge_verification_iter14.TestDownloadsResolver" name="test_latest_returns_valid_payload" time="0.278" /><testcase classname="tests.test_post_merge_verification_iter14.TestDownloadsResolver" name="test_latest_urls_point_at_github_release" time="0.042" /><testcase classname="tests.test_post_merge_verification_iter14.TestDownloadsResolver" name="test_latest_version_is_acceptable" time="0.039" /><testcase classname="tests.test_post_merge_verification_iter14.TestNativeSetup" name="test_setup_status_reports_complete" time="0.044" /><testcase classname="tests.test_post_merge_verification_iter14.TestNativeSetup" name="test_initialize_offline_mode_is_idempotent_409" time="0.044" /><testcase classname="tests.test_post_merge_verification_iter14.TestReferenceFilesPresent" name="test_squarespace_poller_present" time="0.000" /><testcase classname="tests.test_post_merge_verification_iter14.TestReferenceFilesPresent" name="test_auto_tag_workflow_present_and_watches_version" time="0.000" /><testcase classname="tests.test_post_merge_verification_iter14.TestReferenceFilesPresent" name="test_files_router_helpers_present" time="0.000" /><testcase classname="tests.test_post_merge_verification_iter14.TestReferenceFilesPresent" name="test_tauri_lib_has_apple_event_and_route_for_bighat" time="0.000" /><testcase classname="tests.test_post_merge_verification_iter14.TestReferenceFilesPresent" name="test_frontend_files_and_update_tool_present_no_sponsor_portal" time="0.001" /></testsuite></testsuites>