<?xml version="1.0" encoding="utf-8"?><testsuites name="pytest tests"><testsuite name="pytest" errors="0" failures="0" skipped="0" tests="13" time="0.285" timestamp="2026-06-24T13:54:32.667457+00:00" hostname="agent-env-5a8e7664-b91b-492e-8e06-21d85bc805b9"><testcase classname="tests.test_release_pipeline_dispatch_iter21.TestReleaseYml" name="test_valid_yaml" time="0.006" /><testcase classname="tests.test_release_pipeline_dispatch_iter21.TestReleaseYml" name="test_release_draft_strict_expression" time="0.006" /><testcase classname="tests.test_release_pipeline_dispatch_iter21.TestReleaseYml" name="test_tag_push_trigger_preserved" time="0.005" /><testcase classname="tests.test_release_pipeline_dispatch_iter21.TestReleaseYml" name="test_workflow_dispatch_inputs" time="0.005" /><testcase classname="tests.test_release_pipeline_dispatch_iter21.TestAutoTagYml" name="test_valid_yaml" time="0.003" /><testcase classname="tests.test_release_pipeline_dispatch_iter21.TestAutoTagYml" name="test_dispatch_step_present_and_named" time="0.003" /><testcase classname="tests.test_release_pipeline_dispatch_iter21.TestAutoTagYml" name="test_dispatch_step_after_create_and_push" time="0.003" /><testcase classname="tests.test_release_pipeline_dispatch_iter21.TestAutoTagYml" name="test_dispatch_step_token_and_curl_params" time="0.003" /><testcase classname="tests.test_release_pipeline_dispatch_iter21.TestAutoTagYml" name="test_dispatch_step_conditional_on_skip" time="0.003" /><testcase classname="tests.test_release_pipeline_dispatch_iter21.TestPRD" name="test_section_present" time="0.000" /><testcase classname="tests.test_release_pipeline_dispatch_iter21.TestPRD" name="test_curl_example_in_section" time="0.000" /><testcase classname="tests.test_release_pipeline_dispatch_iter21.TestPRD" name="test_strict_release_draft_expression_documented" time="0.000" /><testcase classname="tests.test_release_pipeline_dispatch_iter21.TestBackendSmoke" name="test_api_root_200" time="0.155" /></testsuite></testsuites>