<?xml version="1.0" encoding="utf-8"?><testsuites name="pytest tests"><testsuite name="pytest" errors="0" failures="0" skipped="0" tests="22" time="0.286" timestamp="2026-06-25T00:10:03.052576+00:00" hostname="agent-env-5a8e7664-b91b-492e-8e06-21d85bc805b9"><testcase classname="tests.test_release_failclosed_iter22.TestLibRsJobObject" name="test_assign_pid_function_exists" time="0.000" /><testcase classname="tests.test_release_failclosed_iter22.TestLibRsJobObject" name="test_handle_checks_use_eq_zero_not_is_null" time="0.000" /><testcase classname="tests.test_release_failclosed_iter22.TestLibRsJobObject" name="test_create_job_object_uses_ptr_null_not_null_mut" time="0.000" /><testcase classname="tests.test_release_failclosed_iter22.TestCargoToml" name="test_windows_target_section_present" time="0.000" /><testcase classname="tests.test_release_failclosed_iter22.TestCargoToml" name="test_windows_sys_version_059" time="0.000" /><testcase classname="tests.test_release_failclosed_iter22.TestCargoToml" name="test_windows_sys_features_exact" time="0.000" /><testcase classname="tests.test_release_failclosed_iter22.TestReleaseYml" name="test_build_tauri_has_job_level_timeout_75" time="0.008" /><testcase classname="tests.test_release_failclosed_iter22.TestReleaseYml" name="test_verify_release_assets_job_exists" time="0.000" /><testcase classname="tests.test_release_failclosed_iter22.TestReleaseYml" name="test_verify_release_assets_metadata" time="0.000" /><testcase classname="tests.test_release_failclosed_iter22.TestReleaseYml" name="test_verify_release_assets_has_three_regex_checks" time="0.000" /><testcase classname="tests.test_release_failclosed_iter22.TestReleaseYml" name="test_verify_release_assets_patches_draft_on_failure" time="0.000" /><testcase classname="tests.test_release_failclosed_iter22.TestReleaseYml" name="test_verify_release_assets_patches_public_on_success" time="0.000" /><testcase classname="tests.test_release_failclosed_iter22.TestCiTauriCheckYml" name="test_file_exists_and_parses" time="0.002" /><testcase classname="tests.test_release_failclosed_iter22.TestCiTauriCheckYml" name="test_triggers_push_main_master_with_src_tauri_paths" time="0.000" /><testcase classname="tests.test_release_failclosed_iter22.TestCiTauriCheckYml" name="test_triggers_pull_request_with_src_tauri_paths" time="0.000" /><testcase classname="tests.test_release_failclosed_iter22.TestCiTauriCheckYml" name="test_cargo_check_job_three_target_matrix" time="0.000" /><testcase classname="tests.test_release_failclosed_iter22.TestCiTauriCheckYml" name="test_cargo_check_timeout_and_cache" time="0.000" /><testcase classname="tests.test_release_failclosed_iter22.TestCiTauriCheckYml" name="test_cargo_check_command" time="0.000" /><testcase classname="tests.test_release_failclosed_iter22.TestPrdFailClosedSection" name="test_section_header_present" time="0.000" /><testcase classname="tests.test_release_failclosed_iter22.TestPrdFailClosedSection" name="test_documents_three_layers" time="0.000" /><testcase classname="tests.test_release_failclosed_iter22.TestPrdFailClosedSection" name="test_documents_customer_fallback" time="0.000" /><testcase classname="tests.test_release_failclosed_iter22.TestBackendSmoke" name="test_api_root_200" time="0.180" /></testsuite></testsuites>