<?xml version="1.0" encoding="utf-8"?><testsuites name="pytest tests"><testsuite name="pytest" errors="0" failures="0" skipped="0" tests="10" time="1.357" timestamp="2026-06-24T00:23:33.019911+00:00" hostname="agent-env-5a8e7664-b91b-492e-8e06-21d85bc805b9"><testcase classname="tests.test_downloads_resolver_fallback" name="test_walkback_returns_older_release_when_latest_missing_windows" time="0.001" /><testcase classname="tests.test_downloads_resolver_fallback" name="test_walkback_returns_none_when_no_release_has_asset" time="0.001" /><testcase classname="tests.test_downloads_resolver_fallback" name="test_walkback_lazy_when_latest_has_matching_asset" time="0.001" /><testcase classname="tests.test_downloads_resolver_fallback" name="test_walkback_skips_release_with_same_version_as_latest" time="0.001" /><testcase classname="tests.test_downloads_resolver_fallback" name="test_walkback_works_for_macos_alias_via_intel_when_apple_silicon_missing" time="0.001" /><testcase classname="tests.test_downloads_resolver_fallback" name="test_fetch_recent_releases_uses_cache_within_ttl" time="0.001" /><testcase classname="tests.test_downloads_resolver_fallback" name="test_fetch_recent_releases_filters_drafts" time="0.001" /><testcase classname="tests.test_downloads_resolver_fallback" name="test_spa_fallback_exclusion_includes_download_and_api" time="0.001" /><testcase classname="tests.test_downloads_resolver_fallback" name="test_download_route_not_caught_by_spa_fallback_in_native_mode" time="1.053" /><testcase classname="tests.test_downloads_resolver_fallback" name="test_download_with_querystring_not_caught_by_spa_fallback" time="0.248" /></testsuite></testsuites>