<?xml version="1.0" encoding="utf-8"?><testsuites name="pytest tests"><testsuite name="pytest" errors="0" failures="0" skipped="0" tests="17" time="0.732" timestamp="2026-06-24T13:14:28.210508+00:00" hostname="agent-env-5a8e7664-b91b-492e-8e06-21d85bc805b9"><testcase classname="tests.test_tauri_window_controls_iter20.TestCapabilities" name="test_capability_file_valid_json" time="0.001" /><testcase classname="tests.test_tauri_window_controls_iter20.TestCapabilities" name="test_capability_permissions_exact_set" time="0.000" /><testcase classname="tests.test_tauri_window_controls_iter20.TestCapabilities" name="test_capability_window_main" time="0.000" /><testcase classname="tests.test_tauri_window_controls_iter20.TestCargoToml" name="test_cargo_toml_valid" time="0.000" /><testcase classname="tests.test_tauri_window_controls_iter20.TestCargoToml" name="test_cargo_windows_target_block_has_windows_sys_with_features" time="0.000" /><testcase classname="tests.test_tauri_window_controls_iter20.TestLibRs" name="test_function_defined_under_windows_cfg" time="0.000" /><testcase classname="tests.test_tauri_window_controls_iter20.TestLibRs" name="test_uses_required_win32_apis" time="0.000" /><testcase classname="tests.test_tauri_window_controls_iter20.TestLibRs" name="test_job_assignment_happens_after_child_is_stashed" time="0.000" /><testcase classname="tests.test_tauri_window_controls_iter20.TestLibRs" name="test_exit_requested_handler_still_kills_child" time="0.001" /><testcase classname="tests.test_tauri_window_controls_iter20.TestLibRs" name="test_no_closehandle_on_job_success_path" time="0.000" /><testcase classname="tests.test_tauri_window_controls_iter20.TestTitleBar" name="test_minimize_handler_wired" time="0.000" /><testcase classname="tests.test_tauri_window_controls_iter20.TestTitleBar" name="test_togglemaximize_handler_wired" time="0.000" /><testcase classname="tests.test_tauri_window_controls_iter20.TestTitleBar" name="test_close_handler_wired" time="0.000" /><testcase classname="tests.test_tauri_window_controls_iter20.TestTitleBar" name="test_testids_present" time="0.000" /><testcase classname="tests.test_tauri_window_controls_iter20.TestPrdDocs" name="test_window_controls_section_present" time="0.000" /><testcase classname="tests.test_tauri_window_controls_iter20.TestPrdDocs" name="test_sidecar_lifecycle_section_present" time="0.000" /><testcase classname="tests.test_tauri_window_controls_iter20.TestBackendSmoke" name="test_api_root_returns_200" time="0.651" /></testsuite></testsuites>