<?xml version="1.0" encoding="utf-8"?><testsuites name="pytest tests"><testsuite name="pytest" errors="0" failures="0" skipped="0" tests="11" time="0.395" timestamp="2026-06-25T01:53:09.120163+00:00" hostname="agent-env-5a8e7664-b91b-492e-8e06-21d85bc805b9"><testcase classname="tests.test_titlebar_dragregion_fix_iter25.TestTitleBarJsx" name="test_outer_titlebar_div_has_no_drag_region_attr" time="0.001" /><testcase classname="tests.test_titlebar_dragregion_fix_iter25.TestTitleBarJsx" name="test_brand_div_keeps_drag_region" time="0.000" /><testcase classname="tests.test_titlebar_dragregion_fix_iter25.TestTitleBarJsx" name="test_window_control_handlers_intact" time="0.000" /><testcase classname="tests.test_titlebar_dragregion_fix_iter25.TestTitleBarJsx" name="test_button_testids_intact" time="0.000" /><testcase classname="tests.test_titlebar_dragregion_fix_iter25.TestIndexCss" name="test_svg_pointer_events_none_rule" time="0.000" /><testcase classname="tests.test_titlebar_dragregion_fix_iter25.TestIndexCss" name="test_webkit_app_region_drag_on_titlebar" time="0.000" /><testcase classname="tests.test_titlebar_dragregion_fix_iter25.TestIndexCss" name="test_webkit_app_region_no_drag_on_controls" time="0.000" /><testcase classname="tests.test_titlebar_dragregion_fix_iter25.TestCapabilities" name="test_window_default_permission_present" time="0.000" /><testcase classname="tests.test_titlebar_dragregion_fix_iter25.TestLibRsExitRequested" name="test_exit_requested_kills_sidecar" time="0.000" /><testcase classname="tests.test_titlebar_dragregion_fix_iter25.TestPrdDocumentation" name="test_prd_documents_svg_pointer_events_invariant" time="0.001" /><testcase classname="tests.test_titlebar_dragregion_fix_iter25.TestBackendSmoke" name="test_api_root_returns_2xx" time="0.321" /></testsuite></testsuites>