<?xml version="1.0" encoding="utf-8"?><testsuites name="pytest tests"><testsuite name="pytest" errors="0" failures="0" skipped="0" tests="18" time="0.370" timestamp="2026-06-25T13:56:03.290890+00:00" hostname="agent-env-5a8e7664-b91b-492e-8e06-21d85bc805b9"><testcase classname="tests.test_titlebar_rewrite_iter26.TestTitleBarFileContract" name="test_file_exists_and_default_exports_titlebar" time="0.001" /><testcase classname="tests.test_titlebar_rewrite_iter26.TestTitleBarFileContract" name="test_dynamic_import_of_tauri_window_api" time="0.000" /><testcase classname="tests.test_titlebar_rewrite_iter26.TestTitleBarFileContract" name="test_uses_getCurrentWindow_or_getCurrent" time="0.007" /><testcase classname="tests.test_titlebar_rewrite_iter26.TestTitleBarFileContract" name="test_calls_all_three_ipc_methods" time="0.000" /><testcase classname="tests.test_titlebar_rewrite_iter26.TestTitleBarFileContract" name="test_data_testids_present[tauri-titlebar-minimize]" time="0.000" /><testcase classname="tests.test_titlebar_rewrite_iter26.TestTitleBarFileContract" name="test_data_testids_present[tauri-titlebar-maximize]" time="0.000" /><testcase classname="tests.test_titlebar_rewrite_iter26.TestTitleBarFileContract" name="test_data_testids_present[tauri-titlebar-close]" time="0.000" /><testcase classname="tests.test_titlebar_rewrite_iter26.TestTitleBarFileContract" name="test_onmousedown_stoppropagation_present" time="0.000" /><testcase classname="tests.test_titlebar_rewrite_iter26.TestTitleBarFileContract" name="test_console_logging_present" time="0.000" /><testcase classname="tests.test_titlebar_rewrite_iter26.TestTitleBarFileContract" name="test_returns_null_when_not_in_tauri" time="0.000" /><testcase classname="tests.test_titlebar_rewrite_iter26.TestTitleBarFileContract" name="test_no_drag_region_on_outer_wrapper" time="0.000" /><testcase classname="tests.test_titlebar_rewrite_iter26.TestTitleBarFileContract" name="test_drag_region_preserved_on_brand" time="0.000" /><testcase classname="tests.test_titlebar_rewrite_iter26.TestIter25RegressionInvariants" name="test_capability_includes_core_window_default" time="0.000" /><testcase classname="tests.test_titlebar_rewrite_iter26.TestIter25RegressionInvariants" name="test_lib_rs_exit_requested_kills_sidecar" time="0.000" /><testcase classname="tests.test_titlebar_rewrite_iter26.TestIter25RegressionInvariants" name="test_index_css_pointer_events_none_on_btn_svgs" time="0.000" /><testcase classname="tests.test_titlebar_rewrite_iter26.TestVersionStamping" name="test_backend_version_txt" time="0.000" /><testcase classname="tests.test_titlebar_rewrite_iter26.TestVersionStamping" name="test_tauri_conf_version" time="0.000" /><testcase classname="tests.test_titlebar_rewrite_iter26.TestBackendSmoke" name="test_api_root_returns_200" time="0.280" /></testsuite></testsuites>