<?xml version="1.0" encoding="utf-8"?><testsuites name="pytest tests"><testsuite name="pytest" errors="0" failures="0" skipped="0" tests="24" time="0.361" timestamp="2026-06-24T12:51:11.592386+00:00" hostname="agent-env-5a8e7664-b91b-492e-8e06-21d85bc805b9"><testcase classname="tests.test_updates_default_channel_iter18.TestChannelURLPrecedence" name="test_default_channel_url_constant" time="0.000" /><testcase classname="tests.test_updates_default_channel_iter18.TestChannelURLPrecedence" name="test_default_used_when_no_env_no_explicit_no_config" time="0.000" /><testcase classname="tests.test_updates_default_channel_iter18.TestChannelURLPrecedence" name="test_env_var_overrides_default" time="0.000" /><testcase classname="tests.test_updates_default_channel_iter18.TestChannelURLPrecedence" name="test_explicit_channel_overrides_env_and_default" time="0.000" /><testcase classname="tests.test_updates_default_channel_iter18.TestChannelURLPrecedence" name="test_status_returns_default_channel_url" time="0.001" /><testcase classname="tests.test_updates_default_channel_iter18.TestPlatformDetect" name="test_windows" time="0.001" /><testcase classname="tests.test_updates_default_channel_iter18.TestPlatformDetect" name="test_darwin_arm64" time="0.001" /><testcase classname="tests.test_updates_default_channel_iter18.TestPlatformDetect" name="test_darwin_aarch64" time="0.001" /><testcase classname="tests.test_updates_default_channel_iter18.TestPlatformDetect" name="test_darwin_x86_64" time="0.001" /><testcase classname="tests.test_updates_default_channel_iter18.TestPlatformDetect" name="test_linux_falls_back_to_windows" time="0.000" /><testcase classname="tests.test_updates_default_channel_iter18.TestSchemaAdapter" name="test_windows_picks_windows_url" time="0.003" /><testcase classname="tests.test_updates_default_channel_iter18.TestSchemaAdapter" name="test_macos_apple_picks_apple_url" time="0.002" /><testcase classname="tests.test_updates_default_channel_iter18.TestSchemaAdapter" name="test_macos_intel_picks_intel_url" time="0.002" /><testcase classname="tests.test_updates_default_channel_iter18.TestSchemaAdapter" name="test_macos_apple_falls_back_to_intel" time="0.002" /><testcase classname="tests.test_updates_default_channel_iter18.TestSchemaAdapter" name="test_legacy_direct_manifest_is_noop" time="0.002" /><testcase classname="tests.test_updates_default_channel_iter18.TestSchemaAdapter" name="test_check_no_longer_raises_channel_not_configured" time="0.002" /><testcase classname="tests.test_updates_default_channel_iter18.TestDownloadOptionalSha" name="test_empty_sha_streams_and_marks_sha_unverified" time="0.002" /><testcase classname="tests.test_updates_default_channel_iter18.TestDownloadOptionalSha" name="test_valid_64_hex_sha_enforced" time="0.001" /><testcase classname="tests.test_updates_default_channel_iter18.TestDownloadOptionalSha" name="test_invalid_sha_length_raises" time="0.001" /><testcase classname="tests.test_updates_default_channel_iter18.TestUpdateToolJSX" name="test_jsx_exists" time="0.000" /><testcase classname="tests.test_updates_default_channel_iter18.TestUpdateToolJSX" name="test_uses_installed_version_not_current_version" time="0.000" /><testcase classname="tests.test_updates_default_channel_iter18.TestUpdateToolJSX" name="test_latest_known_latest_version_path" time="0.000" /><testcase classname="tests.test_updates_default_channel_iter18.TestUpdateToolJSX" name="test_channel_not_configured_helper_text_is_nuanced" time="0.000" /><testcase classname="tests.test_updates_default_channel_iter18.TestBackendSmoke" name="test_api_root_200" time="0.006" /></testsuite></testsuites>