<?xml version="1.0" encoding="utf-8"?><testsuites name="pytest tests"><testsuite name="pytest" errors="0" failures="0" skipped="0" tests="21" time="7.391" timestamp="2026-02-11T21:21:09.117557+00:00" hostname="agent-env-e7d742c5-3e51-4253-b6ac-924a3a8b06bf"><testcase classname="backend.tests.test_music_bingo.TestHealthCheck" name="test_health_endpoint" time="0.077" /><testcase classname="backend.tests.test_music_bingo.TestHealthCheck" name="test_root_endpoint" time="0.043" /><testcase classname="backend.tests.test_music_bingo.TestSharePointIntegration" name="test_sharepoint_connection" time="1.238" /><testcase classname="backend.tests.test_music_bingo.TestSharePointIntegration" name="test_songlist_1980s_from_sharepoint" time="0.903" /><testcase classname="backend.tests.test_music_bingo.TestSharePointIntegration" name="test_songlist_all_decades" time="3.099" /><testcase classname="backend.tests.test_music_bingo.TestMusicBingoGameFlow" name="test_create_music_bingo_game" time="0.062" /><testcase classname="backend.tests.test_music_bingo.TestMusicBingoGameFlow" name="test_get_game_state" time="0.084" /><testcase classname="backend.tests.test_music_bingo.TestMusicBingoGameFlow" name="test_music_bingo_start_and_call_song" time="0.154" /><testcase classname="backend.tests.test_music_bingo.TestTraditionalBingoGameFlow" name="test_create_traditional_bingo_game" time="0.040" /><testcase classname="backend.tests.test_music_bingo.TestTraditionalBingoGameFlow" name="test_traditional_bingo_call_number" time="0.157" /><testcase classname="backend.tests.test_music_bingo.TestGameTimerIntervals" name="test_lightning_mode_interval_10" time="0.044" /><testcase classname="backend.tests.test_music_bingo.TestGameTimerIntervals" name="test_lightning_mode_interval_15" time="0.044" /><testcase classname="backend.tests.test_music_bingo.TestGameTimerIntervals" name="test_regular_mode_interval_30" time="0.078" /><testcase classname="backend.tests.test_music_bingo.TestGameTimerIntervals" name="test_regular_mode_interval_45" time="0.038" /><testcase classname="backend.tests.test_music_bingo.TestGameTimerIntervals" name="test_regular_mode_interval_60" time="0.080" /><testcase classname="backend.tests.test_music_bingo.TestBingoClaimVerification" name="test_bingo_claim_and_confirm" time="0.265" /><testcase classname="backend.tests.test_music_bingo.TestBingoClaimVerification" name="test_bingo_claim_and_reject" time="0.225" /><testcase classname="backend.tests.test_music_bingo.TestGamePauseResume" name="test_pause_game" time="0.144" /><testcase classname="backend.tests.test_music_bingo.TestGamePauseResume" name="test_resume_game" time="0.188" /><testcase classname="backend.tests.test_music_bingo.TestRoundManagement" name="test_end_round" time="0.156" /><testcase classname="backend.tests.test_music_bingo.TestRoundManagement" name="test_new_round" time="0.185" /></testsuite></testsuites>