<?xml version="1.0" encoding="utf-8"?><testsuites name="pytest tests"><testsuite name="pytest" errors="0" failures="0" skipped="0" tests="9" time="12.192" timestamp="2026-02-11T13:46:00.781841+00:00" hostname="agent-env-f421539d-b551-46b1-bedd-e85c9694e32d"><testcase classname="backend.tests.test_notifications.TestNotificationEndpoints" name="test_send_primary_report_endpoint_exists" time="5.286" /><testcase classname="backend.tests.test_notifications.TestNotificationEndpoints" name="test_send_secondary_availability_endpoint_exists" time="0.869" /><testcase classname="backend.tests.test_notifications.TestPrimaryReportEmailContent" name="test_primary_report_has_no_rate_limit_errors" time="4.863" /><testcase classname="backend.tests.test_notifications.TestSecondaryAvailabilityEmailContent" name="test_secondary_availability_returns_correct_structure" time="0.871" /><testcase classname="backend.tests.test_notifications.TestVenueRolesExist" name="test_primary_roles_exist" time="0.042" /><testcase classname="backend.tests.test_notifications.TestVenueRolesExist" name="test_secondary_roles_exist" time="0.039" /><testcase classname="backend.tests.test_notifications.TestSchedulerJobsRegistered" name="test_api_root_check" time="0.038" /><testcase classname="backend.tests.test_notifications.TestEmployeeEmailsConfigured" name="test_employees_have_emails" time="0.080" /><testcase classname="backend.tests.test_notifications.TestFutureEventsExist" name="test_future_events_exist" time="0.042" /></testsuite></testsuites>