<?xml version="1.0" encoding="utf-8"?><testsuites name="pytest tests"><testsuite name="pytest" errors="0" failures="0" skipped="0" tests="11" time="7.520" timestamp="2026-04-01T13:36:02.777115+00:00" hostname="agent-env-f421539d-b551-46b1-bedd-e85c9694e32d"><testcase classname="backend.tests.test_monthly_income.TestMonthlyIncomeCalculation" name="test_venue_pricing_exists" time="0.314" /><testcase classname="backend.tests.test_monthly_income.TestMonthlyIncomeCalculation" name="test_monkey_pants_is_franchise" time="0.300" /><testcase classname="backend.tests.test_monthly_income.TestMonthlyIncomeCalculation" name="test_expected_income_endpoint_exists" time="0.396" /><testcase classname="backend.tests.test_monthly_income.TestMonthlyIncomeCalculation" name="test_single_trivia_event_income" time="0.578" /><testcase classname="backend.tests.test_monthly_income.TestMonthlyIncomeCalculation" name="test_single_music_bingo_event_income" time="0.622" /><testcase classname="backend.tests.test_monthly_income.TestMonthlyIncomeCalculation" name="test_single_karaoke_event_income" time="0.555" /><testcase classname="backend.tests.test_monthly_income.TestMonthlyIncomeCalculation" name="test_user_scenario_2_karaoke_1_trivia_1_bingo" time="1.290" /><testcase classname="backend.tests.test_monthly_income.TestMonthlyIncomeCalculation" name="test_franchise_venue_fixed_price" time="1.046" /><testcase classname="backend.tests.test_monthly_income.TestMonthlyIncomeCalculation" name="test_venue_without_pricing_excluded" time="0.611" /><testcase classname="backend.tests.test_monthly_income.TestMonthlyIncomeCalculation" name="test_income_breakdown_structure" time="0.582" /><testcase classname="backend.tests.test_monthly_income.TestIncomeBreakdownByType" name="test_breakdown_groups_by_event_type" time="1.144" /></testsuite></testsuites>