<?xml version="1.0" encoding="utf-8"?><testsuites name="pytest tests"><testsuite name="pytest" errors="0" failures="0" skipped="0" tests="19" time="0.951" timestamp="2026-02-06T21:19:30.428869+00:00" hostname="agent-env-f421539d-b551-46b1-bedd-e85c9694e32d"><testcase classname="backend.tests.test_venue_roles.TestVenueRolesServicesEndpoint" name="test_get_services_returns_200" time="0.078" /><testcase classname="backend.tests.test_venue_roles.TestVenueRolesServicesEndpoint" name="test_services_returns_dict_format" time="0.034" /><testcase classname="backend.tests.test_venue_roles.TestVenueRolesServicesEndpoint" name="test_services_based_on_pricing" time="0.000" /><testcase classname="backend.tests.test_venue_roles.TestVenueRolesCRUD" name="test_get_all_roles" time="0.052" /><testcase classname="backend.tests.test_venue_roles.TestVenueRolesCRUD" name="test_create_secondary_role" time="0.011" /><testcase classname="backend.tests.test_venue_roles.TestVenueRolesCRUD" name="test_create_primary_role" time="0.052" /><testcase classname="backend.tests.test_venue_roles.TestVenueRolesCRUD" name="test_create_role_invalid_category" time="0.012" /><testcase classname="backend.tests.test_venue_roles.TestVenueRolesCRUD" name="test_create_role_invalid_type" time="0.049" /><testcase classname="backend.tests.test_venue_roles.TestVenueRolesCRUD" name="test_create_role_nonexistent_venue" time="0.055" /><testcase classname="backend.tests.test_venue_roles.TestVenueRolesCRUD" name="test_create_role_nonexistent_employee" time="0.011" /><testcase classname="backend.tests.test_venue_roles.TestVenueRolesCRUD" name="test_create_role_venue_no_service" time="0.054" /><testcase classname="backend.tests.test_venue_roles.TestVenueRolesCRUD" name="test_get_roles_by_employee" time="0.009" /><testcase classname="backend.tests.test_venue_roles.TestVenueRolesCRUD" name="test_get_roles_by_venue" time="0.054" /><testcase classname="backend.tests.test_venue_roles.TestVenueRolesValidation" name="test_validate_endpoint_exists" time="0.011" /><testcase classname="backend.tests.test_venue_roles.TestVenueRolesValidation" name="test_validate_returns_required_fields" time="0.010" /><testcase classname="backend.tests.test_venue_roles.TestVenueRolesValidation" name="test_validate_no_primary_is_valid" time="0.068" /><testcase classname="backend.tests.test_venue_roles.TestVenueRolesDelete" name="test_delete_nonexistent_role" time="0.008" /><testcase classname="backend.tests.test_venue_roles.TestVenueRolesDelete" name="test_create_and_delete_role" time="0.119" /><testcase classname="backend.tests.test_venue_roles.TestPrimaryUniqueness" name="test_cannot_create_duplicate_primary" time="0.135" /></testsuite></testsuites>