<?xml version="1.0" encoding="utf-8"?><testsuites name="pytest tests"><testsuite name="pytest" errors="0" failures="0" skipped="0" tests="13" time="91.151" timestamp="2026-01-22T02:56:26.719742+00:00" hostname="agent-env-251a51d3-6d57-431c-9a88-42614d4c6f0d"><testcase classname="tests.test_story_generator.TestStoryGeneratorPresentations" name="test_get_presentations_with_username" time="2.636" /><testcase classname="tests.test_story_generator.TestStoryGeneratorPresentations" name="test_get_presentations_without_username" time="8.753" /><testcase classname="tests.test_story_generator.TestStoryGeneratorAssets" name="test_get_assets" time="0.059" /><testcase classname="tests.test_story_generator.TestStoryGeneratorAssets" name="test_hosts_are_png_type" time="0.036" /><testcase classname="tests.test_story_generator.TestStoryGeneratorPresentation" name="test_get_presentation_details_5_rounds" time="0.931" /><testcase classname="tests.test_story_generator.TestStoryGeneratorPresentation" name="test_get_presentation_details_6_rounds" time="1.028" /><testcase classname="tests.test_story_generator.TestStoryGeneratorPresentation" name="test_get_nonexistent_presentation" time="0.056" /><testcase classname="tests.test_story_generator.TestStoryGeneratorPreview" name="test_generate_preview_5_rounds" time="0.789" /><testcase classname="tests.test_story_generator.TestStoryGeneratorVideoGeneration" name="test_generate_video_5_rounds_with_stats" time="35.090" /><testcase classname="tests.test_story_generator.TestStoryGeneratorVideoGeneration" name="test_generate_video_6_rounds_with_stats" time="37.170" /><testcase classname="tests.test_story_generator.TestStoryGeneratorVideoGeneration" name="test_download_generated_video" time="0.100" /><testcase classname="tests.test_story_generator.TestStoryGeneratorVideoGeneration" name="test_download_nonexistent_video" time="0.041" /><testcase classname="tests.test_story_generator.TestStoryGeneratorRefreshAssets" name="test_refresh_assets" time="4.379" /></testsuite></testsuites>