<?xml version="1.0" encoding="utf-8"?><testsuites name="pytest tests"><testsuite name="pytest" errors="0" failures="0" skipped="0" tests="12" time="59.028" timestamp="2026-01-22T00:18:51.422086+00:00" hostname="agent-env-251a51d3-6d57-431c-9a88-42614d4c6f0d"><testcase classname="tests.test_story_generator.TestStoryGeneratorPresentations" name="test_get_presentations_with_username" time="3.018" /><testcase classname="tests.test_story_generator.TestStoryGeneratorPresentations" name="test_get_presentations_without_username" time="7.975" /><testcase classname="tests.test_story_generator.TestStoryGeneratorAssets" name="test_get_assets" time="4.712" /><testcase classname="tests.test_story_generator.TestStoryGeneratorAssets" name="test_hosts_are_png_type" time="0.042" /><testcase classname="tests.test_story_generator.TestStoryGeneratorPresentation" name="test_get_presentation_details_5_rounds" time="0.849" /><testcase classname="tests.test_story_generator.TestStoryGeneratorPresentation" name="test_get_presentation_details_6_rounds" time="1.027" /><testcase classname="tests.test_story_generator.TestStoryGeneratorPresentation" name="test_get_nonexistent_presentation" time="0.078" /><testcase classname="tests.test_story_generator.TestStoryGeneratorPreview" name="test_generate_preview_5_rounds" time="1.076" /><testcase classname="tests.test_story_generator.TestStoryGeneratorVideoGeneration" name="test_generate_video_5_rounds" time="35.251" /><testcase classname="tests.test_story_generator.TestStoryGeneratorVideoGeneration" name="test_download_generated_video" time="0.077" /><testcase classname="tests.test_story_generator.TestStoryGeneratorVideoGeneration" name="test_download_nonexistent_video" time="0.041" /><testcase classname="tests.test_story_generator.TestStoryGeneratorRefreshAssets" name="test_refresh_assets" time="4.811" /></testsuite></testsuites>