<?xml version="1.0" encoding="utf-8"?><testsuites name="pytest tests"><testsuite name="pytest" errors="0" failures="0" skipped="0" tests="10" time="82.788" timestamp="2026-01-22T11:37:26.443346+00:00" hostname="agent-env-251a51d3-6d57-431c-9a88-42614d4c6f0d"><testcase classname="tests.test_async_job_generation.TestAsyncJobGeneration" name="test_generate_returns_immediately_with_job_id" time="0.077" /><testcase classname="tests.test_async_job_generation.TestAsyncJobGeneration" name="test_job_status_returns_progress" time="0.043" /><testcase classname="tests.test_async_job_generation.TestAsyncJobGeneration" name="test_poll_until_completion" time="34.391" /><testcase classname="tests.test_async_job_generation.TestAsyncJobGeneration" name="test_completed_job_has_valid_result" time="0.000" /><testcase classname="tests.test_async_job_generation.TestAsyncJobGeneration" name="test_video_downloadable_after_completion" time="0.035" /><testcase classname="tests.test_async_job_generation.TestAsyncJobErrorHandling" name="test_invalid_presentation_id_returns_404" time="0.033" /><testcase classname="tests.test_async_job_generation.TestAsyncJobErrorHandling" name="test_invalid_job_id_returns_404" time="0.033" /><testcase classname="tests.test_async_job_generation.TestAsyncJobCancellation" name="test_cancel_job" time="0.113" /><testcase classname="tests.test_async_job_generation.TestAsyncJobCancellation" name="test_cancel_nonexistent_job_returns_404" time="0.035" /><testcase classname="tests.test_async_job_generation.TestAsyncJob6RoundPresentation" name="test_generate_6_round_presentation_async" time="47.978" /></testsuite></testsuites>