<?xml version="1.0" encoding="utf-8"?><testsuites name="pytest tests"><testsuite name="pytest" errors="0" failures="0" skipped="0" tests="11" time="42.820" timestamp="2026-02-05T02:38:48.183920+00:00" hostname="agent-env-a0c74fd1-1f3b-4cc7-8d30-7021462fb6e4"><testcase classname="backend.tests.test_story_generator.TestStoryGeneratorPresentations" name="test_get_presentations_returns_list" time="9.625" /><testcase classname="backend.tests.test_story_generator.TestStoryGeneratorPresentations" name="test_presentations_have_required_fields" time="8.973" /><testcase classname="backend.tests.test_story_generator.TestStoryGeneratorPresentations" name="test_filter_presentations_by_username" time="3.161" /><testcase classname="backend.tests.test_story_generator.TestStoryGeneratorAssets" name="test_get_build_asset_urls" time="7.202" /><testcase classname="backend.tests.test_story_generator.TestStoryGeneratorAssets" name="test_get_assets_for_monkey_pants" time="2.776" /><testcase classname="backend.tests.test_story_generator.TestVideoConversion" name="test_convert_to_mp4_endpoint_exists" time="0.068" /><testcase classname="backend.tests.test_story_generator.TestVideoConversion" name="test_convert_to_mp4_requires_video_data" time="0.041" /><testcase classname="backend.tests.test_story_generator.TestVideoConversion" name="test_convert_to_mp4_with_invalid_data" time="0.043" /><testcase classname="backend.tests.test_story_generator.TestPresentationDetails" name="test_get_presentation_details" time="10.796" /><testcase classname="backend.tests.test_story_generator.TestPresentationDetails" name="test_get_nonexistent_presentation" time="0.037" /><testcase classname="backend.tests.test_story_generator.TestAssetRefresh" name="test_get_available_assets" time="0.039" /></testsuite></testsuites>